src\sensory\core\__init__.py:7: error: Cannot find implementation or library stub for module named "src.sensory.core.base"  [import-not-found]
src\risk\__init__.py:8: error: Cannot find implementation or library stub for module named "src.risk.real_risk_manager"  [import-not-found]
src\operational\event_bus.py:7: error: Cannot find implementation or library stub for module named "core.event_bus"  [import-not-found]
src\validation\performance\memory_profiler.py:9: error: Library stubs not installed for "psutil"  [import-untyped]
src\sensory\organs\dimensions\real_sensory_organ.py:11: error: Cannot find implementation or library stub for module named "src.sensory.real_sensory_organ"  [import-not-found]
src\sensory\dimensions\why\yield_signal.py:57: error: Name "slope" already defined on line 33  [no-redef]
src\sensory\dimensions\why\yield_signal.py:67: error: Too many arguments for "slope" of "YieldSlopeTracker"  [call-arg]
src\sensory\dimensions\why\yield_signal.py:70: error: Too many arguments for "slope" of "YieldSlopeTracker"  [call-arg]
src\data_foundation\config\why_config.py:8: error: Library stubs not installed for "yaml"  [import-untyped]
src\data_foundation\config\vol_config.py:7: error: Library stubs not installed for "yaml"  [import-untyped]
src\data_foundation\config\vol_config.py:12: error: Cannot find implementation or library stub for module named "src.sensory.dimensions.what.volatility_engine"  [import-not-found]
src\data_foundation\config\sizing_config.py:8: error: Library stubs not installed for "yaml"  [import-untyped]
src\data_foundation\config\risk_portfolio_config.py:8: error: Library stubs not installed for "yaml"  [import-untyped]
src\data_foundation\config\execution_config.py:8: error: Library stubs not installed for "yaml"  [import-untyped]
src\data_foundation\persist\parquet_writer.py:8: error: Library stubs not installed for "pandas"  [import-untyped]
src\data_foundation\ingest\yahoo_ingest.py:13: error: Library stubs not installed for "pandas"  [import-untyped]
src\data_foundation\ingest\yahoo_ingest.py:13: note: Hint: "python3 -m pip install pandas-stubs"
src\data_foundation\ingest\yahoo_ingest.py:14: error: Skipping analyzing "yfinance": module is installed, but missing library stubs or py.typed marker  [import-untyped]
src\data_foundation\ingest\yahoo_ingest.py:42: error: Cannot find implementation or library stub for module named "duckdb"  [import-not-found]
src\sensory\why\why_sensor.py:6: error: Library stubs not installed for "pandas"  [import-untyped]
src\sensory\why\why_sensor.py:20: error: Unexpected keyword argument "name" for "SensorSignal"  [call-arg]
src\sensory\why\why_sensor.py:20: error: Unexpected keyword argument "strength" for "SensorSignal"  [call-arg]
src\sensory\why\why_sensor.py:38: error: Unexpected keyword argument "name" for "SensorSignal"  [call-arg]
src\sensory\why\why_sensor.py:38: error: Unexpected keyword argument "strength" for "SensorSignal"  [call-arg]
src\sensory\when\when_sensor.py:6: error: Library stubs not installed for "pandas"  [import-untyped]
src\sensory\when\when_sensor.py:20: error: Unexpected keyword argument "name" for "SensorSignal"  [call-arg]
src\sensory\when\when_sensor.py:20: error: Unexpected keyword argument "strength" for "SensorSignal"  [call-arg]
src\sensory\when\when_sensor.py:31: error: Unexpected keyword argument "name" for "SensorSignal"  [call-arg]
src\sensory\when\when_sensor.py:31: error: Unexpected keyword argument "strength" for "SensorSignal"  [call-arg]
src\sensory\when\when_sensor.py:32: error: Unexpected keyword argument "name" for "SensorSignal"  [call-arg]
src\sensory\when\when_sensor.py:32: error: Unexpected keyword argument "strength" for "SensorSignal"  [call-arg]
src\sensory\what\what_sensor.py:6: error: Library stubs not installed for "pandas"  [import-untyped]
src\sensory\what\what_sensor.py:19: error: Unexpected keyword argument "name" for "SensorSignal"  [call-arg]
src\sensory\what\what_sensor.py:19: error: Unexpected keyword argument "strength" for "SensorSignal"  [call-arg]
src\sensory\what\what_sensor.py:23: error: Unexpected keyword argument "name" for "SensorSignal"  [call-arg]
src\sensory\what\what_sensor.py:23: error: Unexpected keyword argument "strength" for "SensorSignal"  [call-arg]
src\sensory\what\what_sensor.py:31: error: Unexpected keyword argument "name" for "SensorSignal"  [call-arg]
src\sensory\what\what_sensor.py:31: error: Unexpected keyword argument "strength" for "SensorSignal"  [call-arg]
src\sensory\what\what_sensor.py:33: error: Unexpected keyword argument "name" for "SensorSignal"  [call-arg]
src\sensory\what\what_sensor.py:33: error: Unexpected keyword argument "strength" for "SensorSignal"  [call-arg]
src\sensory\what\what_sensor.py:34: error: Unexpected keyword argument "name" for "SensorSignal"  [call-arg]
src\sensory\what\what_sensor.py:34: error: Unexpected keyword argument "strength" for "SensorSignal"  [call-arg]
src\operational\mock_fix.py:88: note: By default the bodies of untyped functions are not checked, consider using --check-untyped-defs  [annotation-unchecked]
src\operational\mock_fix.py:89: note: By default the bodies of untyped functions are not checked, consider using --check-untyped-defs  [annotation-unchecked]
src\operational\metrics.py:12: error: Cannot find implementation or library stub for module named "prometheus_client"  [import-not-found]
src\sensory\organs\yahoo_finance_organ.py:6: error: Skipping analyzing "yfinance": module is installed, but missing library stubs or py.typed marker  [import-untyped]
src\sensory\organs\yahoo_finance_organ.py:7: error: Library stubs not installed for "pandas"  [import-untyped]
src\sensory\organs\sentiment_organ.py:12: error: Cannot find implementation or library stub for module named "src.sensory.core.base"  [import-not-found]
src\sensory\organs\news_organ.py:12: error: Cannot find implementation or library stub for module named "src.sensory.core.base"  [import-not-found]
src\sensory\organs\economic_organ.py:12: error: Cannot find implementation or library stub for module named "src.sensory.core.base"  [import-not-found]
src\governance\audit_logger.py:228: error: Need type annotation for "event_types" (hint: "event_types: dict[<type>, <type>] = ...")  [var-annotated]
src\governance\audit_logger.py:229: error: Need type annotation for "strategies" (hint: "strategies: dict[<type>, <type>] = ...")  [var-annotated]
src\evolution\mutation\gaussian_mutation.py:12: error: Module "src.core.interfaces" has no attribute "IMutationStrategy"  [attr-defined]
src\evolution\mutation\gaussian_mutation.py:52: error: "DecisionGenome" has no attribute "genome_id"  [attr-defined]
src\evolution\mutation\gaussian_mutation.py:53: error: "DecisionGenome" has no attribute "mutation_count"  [attr-defined]
src\evolution\mutation\gaussian_mutation.py:57: error: "DecisionGenome" has no attribute "strategy"  [attr-defined]
src\evolution\mutation\gaussian_mutation.py:58: error: "DecisionGenome" has no attribute "strategy"  [attr-defined]
src\evolution\mutation\gaussian_mutation.py:61: error: "DecisionGenome" has no attribute "strategy"  [attr-defined]
src\evolution\mutation\gaussian_mutation.py:62: error: "DecisionGenome" has no attribute "strategy"  [attr-defined]
src\evolution\mutation\gaussian_mutation.py:65: error: "DecisionGenome" has no attribute "strategy"  [attr-defined]
src\evolution\mutation\gaussian_mutation.py:66: error: "DecisionGenome" has no attribute "strategy"  [attr-defined]
src\evolution\mutation\gaussian_mutation.py:69: error: "DecisionGenome" has no attribute "strategy"  [attr-defined]
src\evolution\mutation\gaussian_mutation.py:70: error: "DecisionGenome" has no attribute "strategy"  [attr-defined]
src\evolution\mutation\gaussian_mutation.py:73: error: "DecisionGenome" has no attribute "strategy"  [attr-defined]
src\evolution\mutation\gaussian_mutation.py:74: error: "DecisionGenome" has no attribute "strategy"  [attr-defined]
src\evolution\mutation\gaussian_mutation.py:77: error: "DecisionGenome" has no attribute "strategy"  [attr-defined]
src\evolution\mutation\gaussian_mutation.py:78: error: "DecisionGenome" has no attribute "strategy"  [attr-defined]
src\evolution\mutation\gaussian_mutation.py:81: error: "DecisionGenome" has no attribute "strategy"  [attr-defined]
src\evolution\mutation\gaussian_mutation.py:82: error: "DecisionGenome" has no attribute "strategy"  [attr-defined]
src\evolution\mutation\gaussian_mutation.py:87: error: "DecisionGenome" has no attribute "risk"  [attr-defined]
src\evolution\mutation\gaussian_mutation.py:88: error: "DecisionGenome" has no attribute "risk"  [attr-defined]
src\evolution\mutation\gaussian_mutation.py:91: error: "DecisionGenome" has no attribute "risk"  [attr-defined]
src\evolution\mutation\gaussian_mutation.py:92: error: "DecisionGenome" has no attribute "risk"  [attr-defined]
src\evolution\mutation\gaussian_mutation.py:95: error: "DecisionGenome" has no attribute "risk"  [attr-defined]
src\evolution\mutation\gaussian_mutation.py:96: error: "DecisionGenome" has no attribute "risk"  [attr-defined]
src\evolution\mutation\gaussian_mutation.py:99: error: "DecisionGenome" has no attribute "risk"  [attr-defined]
src\evolution\mutation\gaussian_mutation.py:100: error: "DecisionGenome" has no attribute "risk"  [attr-defined]
src\evolution\mutation\gaussian_mutation.py:103: error: "DecisionGenome" has no attribute "risk"  [attr-defined]
src\evolution\mutation\gaussian_mutation.py:104: error: "DecisionGenome" has no attribute "risk"  [attr-defined]
src\evolution\mutation\gaussian_mutation.py:107: error: "DecisionGenome" has no attribute "risk"  [attr-defined]
src\evolution\mutation\gaussian_mutation.py:108: error: "DecisionGenome" has no attribute "risk"  [attr-defined]
src\evolution\mutation\gaussian_mutation.py:111: error: "DecisionGenome" has no attribute "risk"  [attr-defined]
src\evolution\mutation\gaussian_mutation.py:112: error: "DecisionGenome" has no attribute "risk"  [attr-defined]
src\evolution\mutation\gaussian_mutation.py:117: error: "DecisionGenome" has no attribute "timing"  [attr-defined]
src\evolution\mutation\gaussian_mutation.py:118: error: "DecisionGenome" has no attribute "timing"  [attr-defined]
src\evolution\mutation\gaussian_mutation.py:121: error: "DecisionGenome" has no attribute "timing"  [attr-defined]
src\evolution\mutation\gaussian_mutation.py:122: error: "DecisionGenome" has no attribute "timing"  [attr-defined]
src\evolution\mutation\gaussian_mutation.py:123: error: "DecisionGenome" has no attribute "timing"  [attr-defined]
src\evolution\mutation\gaussian_mutation.py:126: error: "DecisionGenome" has no attribute "timing"  [attr-defined]
src\evolution\mutation\gaussian_mutation.py:127: error: "DecisionGenome" has no attribute "timing"  [attr-defined]
src\evolution\mutation\gaussian_mutation.py:136: error: "DecisionGenome" has no attribute "sensory"  [attr-defined]
src\evolution\mutation\gaussian_mutation.py:137: error: "DecisionGenome" has no attribute "sensory"  [attr-defined]
src\evolution\mutation\gaussian_mutation.py:145: error: "DecisionGenome" has no attribute "thinking"  [attr-defined]
src\evolution\mutation\gaussian_mutation.py:146: error: "DecisionGenome" has no attribute "thinking"  [attr-defined]
src\evolution\mutation\gaussian_mutation.py:150: error: "DecisionGenome" has no attribute "_normalize_weights"  [attr-defined]
src\ecosystem\species\factories.py:12: error: Module "src.core.interfaces" has no attribute "ISpecialistGenomeFactory"  [attr-defined]
src\ecosystem\species\factories.py:20: error: Unexpected keyword argument "species_type" for "DecisionGenome"  [call-arg]
D:\Applications\Python\Lib\site-packages\mypy\typeshed\stdlib\builtins.pyi:114: note: "DecisionGenome" defined here
src\ecosystem\species\factories.py:20: error: Unexpected keyword argument "parameters" for "DecisionGenome"  [call-arg]
src\ecosystem\species\factories.py:20: error: Unexpected keyword argument "indicators" for "DecisionGenome"  [call-arg]
src\ecosystem\species\factories.py:20: error: Unexpected keyword argument "rules" for "DecisionGenome"  [call-arg]
src\ecosystem\species\factories.py:20: error: Unexpected keyword argument "risk_profile" for "DecisionGenome"  [call-arg]
src\ecosystem\species\factories.py:83: error: Unexpected keyword argument "species_type" for "DecisionGenome"  [call-arg]
src\ecosystem\species\factories.py:83: error: Unexpected keyword argument "parameters" for "DecisionGenome"  [call-arg]
src\ecosystem\species\factories.py:83: error: Unexpected keyword argument "indicators" for "DecisionGenome"  [call-arg]
src\ecosystem\species\factories.py:83: error: Unexpected keyword argument "rules" for "DecisionGenome"  [call-arg]
src\ecosystem\species\factories.py:83: error: Unexpected keyword argument "risk_profile" for "DecisionGenome"  [call-arg]
src\ecosystem\species\factories.py:146: error: Unexpected keyword argument "species_type" for "DecisionGenome"  [call-arg]
src\ecosystem\species\factories.py:146: error: Unexpected keyword argument "parameters" for "DecisionGenome"  [call-arg]
src\ecosystem\species\factories.py:146: error: Unexpected keyword argument "indicators" for "DecisionGenome"  [call-arg]
src\ecosystem\species\factories.py:146: error: Unexpected keyword argument "rules" for "DecisionGenome"  [call-arg]
src\ecosystem\species\factories.py:146: error: Unexpected keyword argument "risk_profile" for "DecisionGenome"  [call-arg]
src\ecosystem\species\factories.py:207: error: Unexpected keyword argument "species_type" for "DecisionGenome"  [call-arg]
src\ecosystem\species\factories.py:207: error: Unexpected keyword argument "parameters" for "DecisionGenome"  [call-arg]
src\ecosystem\species\factories.py:207: error: Unexpected keyword argument "indicators" for "DecisionGenome"  [call-arg]
src\ecosystem\species\factories.py:207: error: Unexpected keyword argument "rules" for "DecisionGenome"  [call-arg]
src\ecosystem\species\factories.py:207: error: Unexpected keyword argument "risk_profile" for "DecisionGenome"  [call-arg]
src\ecosystem\species\factories.py:265: error: Unexpected keyword argument "species_type" for "DecisionGenome"  [call-arg]
src\ecosystem\species\factories.py:265: error: Unexpected keyword argument "parameters" for "DecisionGenome"  [call-arg]
src\ecosystem\species\factories.py:265: error: Unexpected keyword argument "indicators" for "DecisionGenome"  [call-arg]
src\ecosystem\species\factories.py:265: error: Unexpected keyword argument "rules" for "DecisionGenome"  [call-arg]
src\ecosystem\species\factories.py:265: error: Unexpected keyword argument "risk_profile" for "DecisionGenome"  [call-arg]
src\genome\models\genome.py:15: error: Module "src.core.exceptions" has no attribute "GenomeException"  [attr-defined]
src\core\configuration.py:9: error: Library stubs not installed for "yaml"  [import-untyped]
src\core\configuration.py:9: note: Hint: "python3 -m pip install types-PyYAML"
src\core\configuration.py:9: note: (or run "mypy --install-types" to install all missing stub packages)
src\core\configuration.py:9: note: See https://mypy.readthedocs.io/en/stable/running_mypy.html#missing-imports
src\core\configuration.py:121: error: Unsupported target for indexed assignment ("Configuration")  [index]
src\sensory\organs\dimensions\base_organ.py:257: error: Cannot find implementation or library stub for module named "trading.order_management.order_book.snapshot"  [import-not-found]
src\governance\system_config.py:19: error: Name "BaseSettings" already defined (possibly by an import)  [no-redef]
src\governance\system_config.py:36: error: Unexpected keyword argument "env" for "Field"  [call-arg]
D:\Applications\Python\Lib\site-packages\pydantic\fields.py:685: note: "Field" defined here
src\governance\system_config.py:37: error: Unexpected keyword argument "env" for "Field"  [call-arg]
src\governance\system_config.py:38: error: Unexpected keyword argument "env" for "Field"  [call-arg]
src\governance\system_config.py:39: error: Unexpected keyword argument "env" for "Field"  [call-arg]
src\governance\system_config.py:42: error: Unexpected keyword argument "env" for "Field"  [call-arg]
src\governance\system_config.py:45: error: Unexpected keyword argument "env" for "Field"  [call-arg]
src\governance\system_config.py:46: error: Unexpected keyword argument "env" for "Field"  [call-arg]
src\governance\system_config.py:49: error: Unexpected keyword argument "env" for "Field"  [call-arg]
src\governance\system_config.py:95: error: Incompatible types in assignment (expression has type "str", variable has type "Literal['mock', 'paper', 'live']")  [assignment]
src\governance\system_config.py:95: error: Argument 2 to "getenv" has incompatible type "str"; expected "Literal['mock', 'paper', 'live']"  [arg-type]
src\governance\system_config.py:97: error: Incompatible types in assignment (expression has type "str", variable has type "Literal['tier_0', 'tier_1', 'tier_2']")  [assignment]
src\governance\system_config.py:97: error: Argument 2 to "getenv" has incompatible type "str"; expected "Literal['tier_0', 'tier_1', 'tier_2']"  [arg-type]
src\governance\system_config.py:99: error: Incompatible types in assignment (expression has type "str", variable has type "Literal['fix']")  [assignment]
src\thinking\patterns\cvd_divergence_detector.py:15: error: Module "src.governance.system_config" has no attribute "config"  [attr-defined]
src\thinking\patterns\cvd_divergence_detector.py:40: error: Need type annotation for "price_history"  [var-annotated]
src\thinking\patterns\cvd_divergence_detector.py:41: error: Need type annotation for "cvd_history"  [var-annotated]
src\thinking\patterns\cvd_divergence_detector.py:42: error: Need type annotation for "timestamp_history"  [var-annotated]
src\thinking\analysis\volume_analysis.py:12: error: Skipping analyzing "numba": module is installed, but missing library stubs or py.typed marker  [import-untyped]
src\thinking\analysis\volume_analysis.py:45: error: Module "src.governance.system_config" has no attribute "config"  [attr-defined]
src\risk\risk_manager_impl.py:15: error: Module "src.core.interfaces" has no attribute "IRiskManager"  [attr-defined]
src\risk\risk_manager_impl.py:42: error: Unexpected keyword argument "kelly_fraction" for "RiskConfig"  [call-arg]
src\risk\risk_manager_impl.py:47: error: Argument "min_position_size" to "RiskConfig" has incompatible type "Decimal"; expected "int"  [arg-type]
src\risk\risk_manager_impl.py:48: error: Argument "max_position_size" to "RiskConfig" has incompatible type "Decimal"; expected "int"  [arg-type]
src\risk\risk_manager_impl.py:53: error: "RiskManager" has no attribute "update_account_balance"  [attr-defined]
src\risk\risk_manager_impl.py:86: error: "RiskManager" has no attribute "validate_position"  [attr-defined]
src\risk\risk_manager_impl.py:125: error: "RiskManager" has no attribute "calculate_kelly_criterion"  [attr-defined]
src\risk\risk_manager_impl.py:131: error: "RiskManager" has no attribute "calculate_position_size"  [attr-defined]
src\risk\risk_manager_impl.py:154: error: "RiskManager" has no attribute "update_account_balance"  [attr-defined]
src\risk\risk_manager_impl.py:166: error: "RiskManager" has no attribute "add_position"  [attr-defined]
src\risk\risk_manager_impl.py:188: error: "RiskManager" has no attribute "update_position_price"  [attr-defined]
src\risk\risk_manager_impl.py:200: error: "RiskManager" has no attribute "get_risk_summary"  [attr-defined]
src\risk\risk_manager_impl.py:215: error: "RiskManager" has no attribute "calculate_portfolio_risk"  [attr-defined]
src\risk\risk_manager_impl.py:267: error: Name "asyncio" is not defined  [name-defined]
src\risk\risk_manager_impl.py:277: error: Name "asyncio" is not defined  [name-defined]
src\operational\icmarkets_robust_application.py:14: error: Skipping analyzing "simplefix": module is installed, but missing library stubs or py.typed marker  [import-untyped]
src\operational\icmarkets_robust_application.py:132: error: Need type annotation for "message_queue"  [var-annotated]
src\operational\icmarkets_robust_application.py:150: error: Incompatible types in assignment (expression has type "socket", variable has type "None")  [assignment]
src\operational\icmarkets_robust_application.py:151: error: "None" has no attribute "settimeout"  [attr-defined]
src\operational\icmarkets_robust_application.py:154: error: Incompatible types in assignment (expression has type "SSLSocket", variable has type "None")  [assignment]
src\operational\icmarkets_robust_application.py:160: error: "None" has no attribute "connect"  [attr-defined]
src\operational\icmarkets_robust_application.py:169: error: Incompatible types in assignment (expression has type "Thread", variable has type "None")  [assignment]
src\operational\icmarkets_robust_application.py:170: error: "None" has no attribute "start"  [attr-defined]
src\operational\icmarkets_robust_application.py:173: error: Incompatible types in assignment (expression has type "Thread", variable has type "None")  [assignment]
src\operational\icmarkets_robust_application.py:174: error: "None" has no attribute "start"  [attr-defined]
src\operational\icmarkets_robust_application.py:193: error: Missing return statement  [return]
src\operational\icmarkets_robust_application.py:210: error: "None" has no attribute "send"  [attr-defined]
src\operational\icmarkets_robust_application.py:214: error: "None" has no attribute "recv"  [attr-defined]
src\operational\icmarkets_robust_application.py:216: error: Incompatible types in assignment (expression has type "datetime", variable has type "None")  [assignment]
src\operational\icmarkets_robust_application.py:282: error: "None" has no attribute "send"  [attr-defined]
src\operational\icmarkets_robust_application.py:336: note: By default the bodies of untyped functions are not checked, consider using --check-untyped-defs  [annotation-unchecked]
src\operational\icmarkets_robust_application.py:337: note: By default the bodies of untyped functions are not checked, consider using --check-untyped-defs  [annotation-unchecked]
src\operational\icmarkets_robust_application.py:394: error: Missing return statement  [return]
src\validation\validation_framework.py:18: error: Module "src.core.interfaces" has no attribute "IStrategy"  [attr-defined]
src\validation\validation_framework.py:18: error: Module "src.core.interfaces" has no attribute "IMarketAnalyzer"  [attr-defined]
src\validation\validation_framework.py:32: note: By default the bodies of untyped functions are not checked, consider using --check-untyped-defs  [annotation-unchecked]
src\validation\validation_framework.py:33: note: By default the bodies of untyped functions are not checked, consider using --check-untyped-defs  [annotation-unchecked]
src\validation\validation_framework.py:54: error: Module "src.core.interfaces" has no attribute "IStrategy"  [attr-defined]
src\validation\validation_framework.py:54: error: Module "src.core.interfaces" has no attribute "IMarketAnalyzer"  [attr-defined]
src\validation\validation_framework.py:65: error: Missing positional arguments "strategy_id", "symbols", "params" in call to "MovingAverageStrategy"  [call-arg]
src\trading\integration\fix_broker_interface.py:10: error: Skipping analyzing "simplefix": module is installed, but missing library stubs or py.typed marker  [import-untyped]
src\trading\integration\fix_broker_interface.py:189: error: Missing return statement  [return]
src\trading\integration\fix_broker_interface.py:246: error: Missing return statement  [return]
src\trading\execution\fix_executor.py:16: error: Module "src.core.interfaces" has no attribute "IExecutionEngine"  [attr-defined]
src\trading\execution\fix_executor.py:21: error: Module "src.core.exceptions" has no attribute "ExecutionException"; maybe "OrderExecutionException", "EvolutionException", or "PopulationException"?  [attr-defined]
src\thinking\thinking_manager.py:10: error: Library stubs not installed for "pandas"  [import-untyped]
src\thinking\thinking_manager.py:14: error: Cannot find implementation or library stub for module named "core.events"  [import-not-found]
src\thinking\thinking_manager.py:15: error: Cannot find implementation or library stub for module named "thinking.prediction.predictive_modeler"  [import-not-found]
src\thinking\thinking_manager.py:16: error: Cannot find implementation or library stub for module named "config.system_config"  [import-not-found]
src\thinking\thinking_manager.py:29: error: Need type annotation for "market_data_buffer"  [var-annotated]
src\sensory\organs\fix_sensory_organ.py:10: error: Skipping analyzing "simplefix": module is installed, but missing library stubs or py.typed marker  [import-untyped]
src\evolution\ambusher\ambusher_orchestrator.py:17: error: Cannot find implementation or library stub for module named "evolution.ambusher.ambusher_fitness"  [import-not-found]
src\evolution\ambusher\ambusher_orchestrator.py:80: error: "evolve" of "EvolutionEngine" does not return a value (it only ever returns None)  [func-returns-value]
src\core\event_bus.py:38: note: By default the bodies of untyped functions are not checked, consider using --check-untyped-defs  [annotation-unchecked]
src\core\event_bus.py:39: note: By default the bodies of untyped functions are not checked, consider using --check-untyped-defs  [annotation-unchecked]
src\core\event_bus.py:40: note: By default the bodies of untyped functions are not checked, consider using --check-untyped-defs  [annotation-unchecked]
src\core\event_bus.py:41: note: By default the bodies of untyped functions are not checked, consider using --check-untyped-defs  [annotation-unchecked]
src\core\event_bus.py:42: note: By default the bodies of untyped functions are not checked, consider using --check-untyped-defs  [annotation-unchecked]
src\core\event_bus.py:43: note: By default the bodies of untyped functions are not checked, consider using --check-untyped-defs  [annotation-unchecked]
src\core\event_bus.py:237: error: Signature of "unsubscribe" incompatible with supertype "EventBus"  [override]
src\core\event_bus.py:237: note:      Superclass:
src\core\event_bus.py:237: note:          def unsubscribe(self, event_type: Any, callback: Callable[..., Any]) -> Any
src\core\event_bus.py:237: note:      Subclass:
src\core\event_bus.py:237: note:          def unsubscribe(self, handle: Any) -> None
src\core\event_bus.py:267: error: Signature of "publish" incompatible with supertype "EventBus"  [override]
src\core\event_bus.py:267: note:      Superclass:
src\core\event_bus.py:267: note:          def publish(self, event: Any) -> Coroutine[Any, Any, Any]
src\core\event_bus.py:267: note:      Subclass:
src\core\event_bus.py:267: note:          def publish(self, topic: str, payload: Any) -> int
src\ui\ui_manager.py:18: error: Module "src.governance.strategy_registry" has no attribute "StrategyStatus"  [attr-defined]
src\ui\ui_manager.py:19: error: Module "src.domain.models" has no attribute "StrategyConfig"  [attr-defined]
src\ui\ui_manager.py:22: error: Name "EventBus" already defined (possibly by an import)  [no-redef]
src\ui\ui_manager.py:35: error: Name "StrategyStatus" already defined (possibly by an import)  [no-redef]
src\ui\ui_manager.py:41: error: Name "StrategyRegistry" already defined (possibly by an import)  [no-redef]
src\trading\execution\liquidity_prober.py:105: error: "Coroutine[Any, Any, float]" has no attribute "done"  [attr-defined]
src\trading\execution\liquidity_prober.py:105: error: "Coroutine[Any, Any, float]" has no attribute "exception"  [attr-defined]
src\trading\execution\liquidity_prober.py:106: error: "Coroutine[Any, Any, float]" has no attribute "result"  [attr-defined]
src\thinking\learning\meta_cognition_engine.py:14: error: Cannot find implementation or library stub for module named "src.core.events"  [import-not-found]
src\sensory\services\symbol_mapper.py:98: error: Argument 1 to "SymbolInfo" has incompatible type "**dict[str, object]"; expected "int"  [arg-type]
src\sensory\services\symbol_mapper.py:98: error: Argument 1 to "SymbolInfo" has incompatible type "**dict[str, object]"; expected "str"  [arg-type]
src\sensory\services\symbol_mapper.py:98: error: Argument 1 to "SymbolInfo" has incompatible type "**dict[str, object]"; expected "float"  [arg-type]
src\operational\health_monitor.py:28: error: Need type annotation for "health_history" (hint: "health_history: list[<type>] = ...")  [var-annotated]
src\operational\health_monitor.py:54: error: "EventBus" has no attribute "emit"  [attr-defined]
src\operational\health_monitor.py:96: error: Library stubs not installed for "psutil"  [import-untyped]
src\operational\health_monitor.py:96: note: Hint: "python3 -m pip install types-psutil"
src\validation\real_market_validation.py:18: error: Library stubs not installed for "pandas"  [import-untyped]
src\validation\real_market_validation.py:20: error: Skipping analyzing "sklearn.metrics": module is installed, but missing library stubs or py.typed marker  [import-untyped]
src\validation\real_market_validation.py:21: error: Skipping analyzing "yfinance": module is installed, but missing library stubs or py.typed marker  [import-untyped]
src\validation\real_market_validation.py:24: error: Cannot find implementation or library stub for module named "src.sensory.enhanced.anomaly.manipulation_detection"  [import-not-found]
src\validation\real_market_validation.py:26: error: Cannot find implementation or library stub for module named "src.trading.risk.market_regime_detector"  [import-not-found]
src\validation\real_market_validation.py:29: error: Cannot find implementation or library stub for module named "src.data_integration.real_data_integration"  [import-not-found]
src\validation\real_market_validation.py:73: note: By default the bodies of untyped functions are not checked, consider using --check-untyped-defs  [annotation-unchecked]
src\validation\real_market_validation.py:329: error: Argument "value" to "RealMarketValidationResult" has incompatible type "floating[Any]"; expected "float"  [arg-type]
src\validation\phase2_validation_suite.py:13: error: Library stubs not installed for "psutil"  [import-untyped]
src\validation\phase2_validation_suite.py:15: error: Library stubs not installed for "pandas"  [import-untyped]
src\validation\phase2_validation_suite.py:26: error: Cannot find implementation or library stub for module named "src.evolution.selection.adversarial_selector"  [import-not-found]
src\validation\phase2_validation_suite.py:34: error: Cannot find implementation or library stub for module named "src.trading.risk.advanced_risk_manager"  [import-not-found]
src\validation\phase2_validation_suite.py:48: note: By default the bodies of untyped functions are not checked, consider using --check-untyped-defs  [annotation-unchecked]
src\validation\phase2_validation_suite.py:70: error: "Phase2ValidationSuite" has no attribute "_test_fitness_evaluation_accuracy"  [attr-defined]
src\validation\phase2_validation_suite.py:73: error: "Phase2ValidationSuite" has no attribute "_test_component_integration"  [attr-defined]
src\validation\phase2_validation_suite.py:74: error: "Phase2ValidationSuite" has no attribute "_test_end_to_end_workflow"  [attr-defined]
src\validation\phase2_validation_suite.py:77: error: "Phase2ValidationSuite" has no attribute "_generate_summary"  [attr-defined]
src\validation\phase2_validation_suite.py:209: error: Cannot find implementation or library stub for module named "src.data_integration.real_data_integration"  [import-not-found]
src\validation\honest_validation_framework.py:17: error: Library stubs not installed for "pandas"  [import-untyped]
src\validation\honest_validation_framework.py:22: error: Cannot find implementation or library stub for module named "src.trading.risk.market_regime_detector"  [import-not-found]
src\validation\honest_validation_framework.py:25: error: Cannot find implementation or library stub for module named "src.data_integration.real_data_integration"  [import-not-found]
src\validation\honest_validation_framework.py:66: note: By default the bodies of untyped functions are not checked, consider using --check-untyped-defs  [annotation-unchecked]
src\validation\honest_validation_framework.py:193: error: "DecisionGenome" has no attribute "genome_id"  [attr-defined]
src\validation\honest_validation_framework.py:194: error: "DecisionGenome" has no attribute "generation"  [attr-defined]
src\validation\honest_validation_framework.py:195: error: "DecisionGenome" has no attribute "fitness_score"  [attr-defined]
src\validation\honest_validation_framework.py:196: error: "DecisionGenome" has no attribute "robustness_score"  [attr-defined]
src\validation\performance\benchmarker.py:10: error: Library stubs not installed for "psutil"  [import-untyped]
src\validation\accuracy\intelligence_validator.py:10: error: Library stubs not installed for "pandas"  [import-untyped]
src\ui\__init__.py:11: error: Module "src.ui.cli.main_cli" has no attribute "app"  [attr-defined]
src\trading\strategies\order_book_analyzer.py:7: error: Library stubs not installed for "pandas"  [import-untyped]
src\trading\strategies\order_book_analyzer.py:23: error: Cannot find implementation or library stub for module named "trading.order_management.order_book.snapshot"  [import-not-found]
src\trading\strategies\order_book_analyzer.py:582: error: "Sequence[str]" has no attribute "append"  [attr-defined]
src\trading\monitoring\portfolio_monitor.py:14: error: Cannot find implementation or library stub for module named "src.core.events"  [import-not-found]
src\trading\monitoring\portfolio_monitor.py:44: error: Argument 1 to "loads" has incompatible type "Awaitable[Any] | Any"; expected "str | bytes | bytearray"  [arg-type]
src\trading\monitoring\performance_tracker.py:6: error: Library stubs not installed for "pandas"  [import-untyped]
src\trading\monitoring\performance_tracker.py:198: error: Incompatible types in assignment (expression has type "PerformanceMetrics", variable has type "None")  [assignment]
src\trading\monitoring\performance_tracker.py:224: error: Incompatible types in assignment (expression has type "datetime", variable has type "None")  [assignment]
src\thinking\patterns\trend_detector.py:15: error: Module "src.core.interfaces" has no attribute "ThinkingPattern"  [attr-defined]
src\thinking\patterns\trend_detector.py:15: error: Module "src.core.interfaces" has no attribute "SensorySignal"  [attr-defined]
src\thinking\patterns\trend_detector.py:15: error: Module "src.core.interfaces" has no attribute "AnalysisResult"  [attr-defined]
src\thinking\patterns\trend_detector.py:18: error: Module "src.core.exceptions" has no attribute "ThinkingException"; maybe "TradingException"?  [attr-defined]
src\thinking\patterns\trend_detector.py:325: error: Argument "confidence" to "TrendAnalysis" has incompatible type "floating[Any]"; expected "float"  [arg-type]
src\thinking\patterns\regime_classifier.py:10: error: Library stubs not installed for "pandas"  [import-untyped]
src\thinking\patterns\regime_classifier.py:16: error: Cannot find implementation or library stub for module named "src.core.events"  [import-not-found]
src\thinking\patterns\regime_classifier.py:277: error: "type[MarketRegime]" has no attribute "HIGH_VOLATILITY"  [attr-defined]
src\thinking\patterns\regime_classifier.py:281: error: "type[MarketRegime]" has no attribute "LOW_VOLATILITY"  [attr-defined]
src\thinking\patterns\regime_classifier.py:285: error: "type[MarketRegime]" has no attribute "TRENDING_UP"  [attr-defined]
src\thinking\patterns\regime_classifier.py:287: error: "type[MarketRegime]" has no attribute "TRENDING_DOWN"  [attr-defined]
src\thinking\patterns\regime_classifier.py:291: error: "type[MarketRegime]" has no attribute "BULL_MARKET"  [attr-defined]
src\thinking\patterns\regime_classifier.py:293: error: "type[MarketRegime]" has no attribute "BEAR_MARKET"  [attr-defined]
src\thinking\patterns\regime_classifier.py:297: error: "type[MarketRegime]" has no attribute "CONSOLIDATION"  [attr-defined]
src\thinking\patterns\regime_classifier.py:300: error: "type[MarketRegime]" has no attribute "SIDEWAYS_MARKET"  [attr-defined]
src\thinking\patterns\regime_classifier.py:333: error: "type[MarketRegime]" has no attribute "SIDEWAYS_MARKET"  [attr-defined]
src\thinking\patterns\regime_classifier.py:361: error: Need type annotation for "regime_counts" (hint: "regime_counts: dict[<type>, <type>] = ...")  [var-annotated]
src\thinking\patterns\cycle_detector.py:15: error: Module "src.core.interfaces" has no attribute "ThinkingPattern"  [attr-defined]
src\thinking\patterns\cycle_detector.py:15: error: Module "src.core.interfaces" has no attribute "SensorySignal"  [attr-defined]
src\thinking\patterns\cycle_detector.py:15: error: Module "src.core.interfaces" has no attribute "AnalysisResult"  [attr-defined]
src\thinking\patterns\cycle_detector.py:18: error: Module "src.core.exceptions" has no attribute "ThinkingException"; maybe "TradingException"?  [attr-defined]
src\thinking\patterns\cycle_detector.py:285: error: Value of type variable "SupportsRichComparisonT" of "min" cannot be "float | floating[Any] | int"  [type-var]
src\thinking\patterns\cycle_detector.py:289: error: Value of type variable "SupportsRichComparisonT" of "max" cannot be "floating[Any] | float"  [type-var]
src\thinking\patterns\cycle_detector.py:289: error: Incompatible return value type (got "floating[Any] | float", expected "float")  [return-value]
src\thinking\patterns\cycle_detector.py:289: error: Value of type variable "SupportsRichComparisonT" of "min" cannot be "floating[Any] | float"  [type-var]
src\thinking\patterns\anomaly_detector.py:15: error: Module "src.core.interfaces" has no attribute "ThinkingPattern"  [attr-defined]
src\thinking\patterns\anomaly_detector.py:15: error: Module "src.core.interfaces" has no attribute "SensorySignal"  [attr-defined]
src\thinking\patterns\anomaly_detector.py:15: error: Module "src.core.interfaces" has no attribute "AnalysisResult"  [attr-defined]
src\thinking\patterns\anomaly_detector.py:18: error: Module "src.core.exceptions" has no attribute "ThinkingException"; maybe "TradingException"?  [attr-defined]
src\thinking\patterns\anomaly_detector.py:322: error: Argument "confidence" to "AnomalyDetectionResult" has incompatible type "floating[Any]"; expected "float"  [arg-type]
src\thinking\competitive\competitive_intelligence_system.py:15: error: Cannot find implementation or library stub for module named "src.core.events"  [import-not-found]
src\thinking\competitive\competitive_intelligence_system.py:320: error: Incompatible types in assignment (expression has type "float", variable has type "int")  [assignment]
src\thinking\competitive\competitive_intelligence_system.py:321: error: Incompatible types in assignment (expression has type "float", variable has type "int")  [assignment]
src\thinking\competitive\competitive_intelligence_system.py:322: error: Incompatible types in assignment (expression has type "float", variable has type "int")  [assignment]
src\thinking\competitive\competitive_intelligence_system.py:323: error: Incompatible types in assignment (expression has type "float", variable has type "int")  [assignment]
src\thinking\competitive\competitive_intelligence_system.py:327: error: Incompatible types in assignment (expression has type "float", variable has type "int")  [assignment]
src\thinking\competitive\competitive_intelligence_system.py:329: error: Incompatible types in assignment (expression has type "float", variable has type "int")  [assignment]
src\thinking\analysis\risk_analyzer.py:9: error: Library stubs not installed for "pandas"  [import-untyped]
src\thinking\analysis\risk_analyzer.py:14: error: Cannot find implementation or library stub for module named "src.core.events"  [import-not-found]
src\thinking\analysis\risk_analyzer.py:325: error: Incompatible return value type (got "floating[Any]", expected "float")  [return-value]
src\thinking\analysis\performance_analyzer.py:9: error: Library stubs not installed for "pandas"  [import-untyped]
src\thinking\analysis\performance_analyzer.py:14: error: Cannot find implementation or library stub for module named "src.core.events"  [import-not-found]
src\thinking\analysis\performance_analyzer.py:418: error: Incompatible return value type (got "floating[Any]", expected "float")  [return-value]
src\thinking\analysis\performance_analyzer.py:446: error: Incompatible return value type (got "floating[Any] | float", expected "float")  [return-value]
src\thinking\analysis\correlation_analyzer.py:14: error: Module "src.core.interfaces" has no attribute "ThinkingPattern"  [attr-defined]
src\thinking\analysis\correlation_analyzer.py:14: error: Module "src.core.interfaces" has no attribute "SensorySignal"  [attr-defined]
src\thinking\analysis\correlation_analyzer.py:14: error: Module "src.core.interfaces" has no attribute "AnalysisResult"  [attr-defined]
src\thinking\analysis\correlation_analyzer.py:17: error: Module "src.core.exceptions" has no attribute "ThinkingException"; maybe "TradingException"?  [attr-defined]
src\thinking\analysis\correlation_analyzer.py:104: error: Need type annotation for "correlation_matrix" (hint: "correlation_matrix: dict[<type>, <type>] = ...")  [var-annotated]
src\thinking\analysis\correlation_analyzer.py:168: error: Need type annotation for "clusters" (hint: "clusters: list[<type>] = ...")  [var-annotated]
src\thinking\analysis\correlation_analyzer.py:169: error: Need type annotation for "processed" (hint: "processed: set[<type>] = ...")  [var-annotated]
src\thinking\analysis\correlation_analyzer.py:216: error: Incompatible return value type (got "floating[Any] | float", expected "float")  [return-value]
src\thinking\analysis\correlation_analyzer.py:236: error: Value of type variable "SupportsRichComparisonT" of "max" cannot be "floating[Any] | float"  [type-var]
src\thinking\analysis\correlation_analyzer.py:236: error: Incompatible return value type (got "floating[Any] | float", expected "float")  [return-value]
src\thinking\analysis\correlation_analyzer.py:236: error: Value of type variable "SupportsRichComparisonT" of "min" cannot be "floating[Any] | float"  [type-var]
src\thinking\adversarial\red_team_ai.py:15: error: Cannot find implementation or library stub for module named "src.core.events"  [import-not-found]
src\sentient\sentient_predator.py:13: error: Cannot find implementation or library stub for module named "sentient.learning.real_time_learning_engine"  [import-not-found]
src\sentient\sentient_predator.py:14: error: Cannot find implementation or library stub for module named "sentient.memory.faiss_pattern_memory"  [import-not-found]
src\sentient\sentient_predator.py:15: error: Cannot find implementation or library stub for module named "sentient.adaptation.adaptation_controller"  [import-not-found]
src\sentient\memory\faiss_pattern_memory.py:8: error: Skipping analyzing "faiss": module is installed, but missing library stubs or py.typed marker  [import-untyped]
src\sentient\memory\faiss_pattern_memory.py:50: error: Need type annotation for "metadata" (hint: "metadata: dict[<type>, <type>] = ...")  [var-annotated]
src\sentient\memory\faiss_pattern_memory.py:89: error: "None" has no attribute "add"  [attr-defined]
src\sentient\memory\faiss_pattern_memory.py:100: error: "None" has no attribute "ntotal"  [attr-defined]
src\sentient\memory\faiss_pattern_memory.py:123: error: "None" has no attribute "search"  [attr-defined]
src\sentient\memory\faiss_pattern_memory.py:151: error: "None" has no attribute "ntotal"  [attr-defined]
src\sensory\organs\volume_organ.py:9: error: Library stubs not installed for "pandas"  [import-untyped]
src\sensory\organs\volume_organ.py:14: error: Cannot find implementation or library stub for module named "src.sensory.core.base"  [import-not-found]
src\sensory\organs\volume_organ.py:16: error: Module "src.core.exceptions" has no attribute "SensoryException"; maybe "ResourceException"?  [attr-defined]
src\sensory\organs\volume_organ.py:322: error: Incompatible types in assignment (expression has type "float", variable has type "int")  [assignment]
src\sensory\organs\volume_organ.py:323: error: Incompatible types in assignment (expression has type "float", variable has type "int")  [assignment]
src\sensory\organs\volume_organ.py:330: error: Incompatible types in assignment (expression has type "float", variable has type "floating[Any]")  [assignment]
src\sensory\organs\volume_organ.py:336: error: Argument "confidence" to "VolumeSignal" has incompatible type "floating[Any]"; expected "float"  [arg-type]
src\sensory\organs\price_organ.py:9: error: Library stubs not installed for "pandas"  [import-untyped]
src\sensory\organs\price_organ.py:15: error: Cannot find implementation or library stub for module named "src.sensory.core.base"  [import-not-found]
src\sensory\organs\price_organ.py:17: error: Module "src.core.exceptions" has no attribute "SensoryException"; maybe "ResourceException"?  [attr-defined]
src\sensory\organs\price_organ.py:263: error: Incompatible types in assignment (expression has type "float", variable has type "int")  [assignment]
src\sensory\organs\price_organ.py:264: error: Incompatible types in assignment (expression has type "float", variable has type "int")  [assignment]
src\sensory\organs\price_organ.py:271: error: Incompatible types in assignment (expression has type "float", variable has type "floating[Any]")  [assignment]
src\sensory\organs\price_organ.py:277: error: Argument "confidence" to "PriceSignal" has incompatible type "floating[Any]"; expected "float"  [arg-type]
src\sensory\organs\orderbook_organ.py:13: error: Cannot find implementation or library stub for module named "src.sensory.core.base"  [import-not-found]
src\sensory\organs\orderbook_organ.py:15: error: Module "src.core.exceptions" has no attribute "SensoryException"; maybe "ResourceException"?  [attr-defined]
src\sensory\organs\orderbook_organ.py:285: error: Incompatible types in assignment (expression has type "float", variable has type "int")  [assignment]
src\sensory\organs\orderbook_organ.py:286: error: Incompatible types in assignment (expression has type "float", variable has type "int")  [assignment]
src\sensory\organs\orderbook_organ.py:293: error: Incompatible types in assignment (expression has type "float", variable has type "floating[Any]")  [assignment]
src\sensory\organs\orderbook_organ.py:299: error: Argument "confidence" to "OrderbookSignal" has incompatible type "floating[Any]"; expected "float"  [arg-type]
src\sensory\organs\dimensions\why_organ.py:15: error: Library stubs not installed for "pandas"  [import-untyped]
src\sensory\organs\dimensions\why_organ.py:18: error: Cannot find implementation or library stub for module named "src.sensory.core.base"  [import-not-found]
src\sensory\organs\dimensions\why_organ.py:45: error: Cannot find implementation or library stub for module named "src.sensory.organs.dimensions.economic_analysis"  [import-not-found]
src\sensory\organs\dimensions\when_organ.py:15: error: Library stubs not installed for "pandas"  [import-untyped]
src\sensory\organs\dimensions\when_organ.py:18: error: Cannot find implementation or library stub for module named "src.sensory.core.base"  [import-not-found]
src\sensory\organs\dimensions\when_organ.py:37: error: Cannot find implementation or library stub for module named "src.sensory.organs.dimensions.regime_detection"  [import-not-found]
src\sensory\organs\dimensions\what_organ.py:15: error: Library stubs not installed for "pandas"  [import-untyped]
src\sensory\organs\dimensions\what_organ.py:18: error: Cannot find implementation or library stub for module named "src.sensory.core.base"  [import-not-found]
src\sensory\organs\dimensions\what_organ.py:37: error: Cannot find implementation or library stub for module named "src.sensory.organs.dimensions.price_action"  [import-not-found]
src\sensory\organs\dimensions\temporal_system.py:17: error: Library stubs not installed for "pandas"  [import-untyped]
src\sensory\organs\dimensions\temporal_system.py:87: error: Incompatible types in "await" (actual type "tuple[datetime, datetime]", expected type "Awaitable[Any]")  [misc]
src\sensory\organs\dimensions\temporal_system.py:112: error: No overload variant of "max" matches argument types "floating[Any]", "float"  [call-overload]
src\sensory\organs\dimensions\temporal_system.py:112: note: Possible overload variants:
src\sensory\organs\dimensions\temporal_system.py:112: note:     def [SupportsRichComparisonT: SupportsDunderLT[Any] | SupportsDunderGT[Any]] max(SupportsRichComparisonT, SupportsRichComparisonT, /, *_args: SupportsRichComparisonT, key: None = ...) -> SupportsRichComparisonT
src\sensory\organs\dimensions\temporal_system.py:112: note:     def [_T] max(_T, _T, /, *_args: _T, key: Callable[[_T], SupportsDunderLT[Any] | SupportsDunderGT[Any]]) -> _T
src\sensory\organs\dimensions\temporal_system.py:112: note:     def [SupportsRichComparisonT: SupportsDunderLT[Any] | SupportsDunderGT[Any]] max(Iterable[SupportsRichComparisonT], /, *, key: None = ...) -> SupportsRichComparisonT
src\sensory\organs\dimensions\temporal_system.py:112: note:     def [_T] max(Iterable[_T], /, *, key: Callable[[_T], SupportsDunderLT[Any] | SupportsDunderGT[Any]]) -> _T
src\sensory\organs\dimensions\temporal_system.py:112: note:     def [SupportsRichComparisonT: SupportsDunderLT[Any] | SupportsDunderGT[Any], _T] max(Iterable[SupportsRichComparisonT], /, *, key: None = ..., default: _T) -> SupportsRichComparisonT | _T
src\sensory\organs\dimensions\temporal_system.py:112: note:     def [_T1, _T2] max(Iterable[_T1], /, *, key: Callable[[_T1], SupportsDunderLT[Any] | SupportsDunderGT[Any]], default: _T2) -> _T1 | _T2
src\sensory\organs\dimensions\pattern_engine.py:19: error: Library stubs not installed for "pandas"  [import-untyped]
src\sensory\organs\dimensions\pattern_engine.py:24: error: Library stubs not installed for "scipy.signal"  [import-untyped]
src\sensory\organs\dimensions\pattern_engine.py:25: error: Library stubs not installed for "scipy.stats"  [import-untyped]
src\sensory\organs\dimensions\pattern_engine.py:211: error: No overload variant of "min" matches argument types "float", "floating[Any]"  [call-overload]
src\sensory\organs\dimensions\pattern_engine.py:211: note: Possible overload variants:
src\sensory\organs\dimensions\pattern_engine.py:211: note:     def [SupportsRichComparisonT: SupportsDunderLT[Any] | SupportsDunderGT[Any]] min(SupportsRichComparisonT, SupportsRichComparisonT, /, *_args: SupportsRichComparisonT, key: None = ...) -> SupportsRichComparisonT
src\sensory\organs\dimensions\pattern_engine.py:211: note:     def [_T] min(_T, _T, /, *_args: _T, key: Callable[[_T], SupportsDunderLT[Any] | SupportsDunderGT[Any]]) -> _T
src\sensory\organs\dimensions\pattern_engine.py:211: note:     def [SupportsRichComparisonT: SupportsDunderLT[Any] | SupportsDunderGT[Any]] min(Iterable[SupportsRichComparisonT], /, *, key: None = ...) -> SupportsRichComparisonT
src\sensory\organs\dimensions\pattern_engine.py:211: note:     def [_T] min(Iterable[_T], /, *, key: Callable[[_T], SupportsDunderLT[Any] | SupportsDunderGT[Any]]) -> _T
src\sensory\organs\dimensions\pattern_engine.py:211: note:     def [SupportsRichComparisonT: SupportsDunderLT[Any] | SupportsDunderGT[Any], _T] min(Iterable[SupportsRichComparisonT], /, *, key: None = ..., default: _T) -> SupportsRichComparisonT | _T
src\sensory\organs\dimensions\pattern_engine.py:211: note:     def [_T1, _T2] min(Iterable[_T1], /, *, key: Callable[[_T1], SupportsDunderLT[Any] | SupportsDunderGT[Any]], default: _T2) -> _T1 | _T2
src\sensory\organs\dimensions\pattern_engine.py:837: error: Value of type variable "SupportsRichComparisonT" of "min" cannot be "floating[Any] | float"  [type-var]
src\sensory\organs\dimensions\pattern_engine.py:837: error: Incompatible return value type (got "floating[Any] | float", expected "float")  [return-value]
src\sensory\organs\dimensions\integration_orchestrator.py:16: error: Library stubs not installed for "pandas"  [import-untyped]
src\sensory\organs\dimensions\integration_orchestrator.py:20: error: Cannot find implementation or library stub for module named "src.sensory.enhanced.why.macro_predator_intelligence"  [import-not-found]
src\sensory\organs\dimensions\integration_orchestrator.py:23: error: Cannot find implementation or library stub for module named "src.sensory.enhanced.how.institutional_footprint_hunter"  [import-not-found]
src\sensory\organs\dimensions\integration_orchestrator.py:26: error: Cannot find implementation or library stub for module named "src.sensory.enhanced.what.pattern_synthesis_engine"  [import-not-found]
src\sensory\organs\dimensions\integration_orchestrator.py:29: error: Cannot find implementation or library stub for module named "src.sensory.enhanced.when.temporal_advantage_system"  [import-not-found]
src\sensory\organs\dimensions\integration_orchestrator.py:32: error: Cannot find implementation or library stub for module named "src.sensory.enhanced.anomaly.manipulation_detection"  [import-not-found]
src\sensory\organs\dimensions\integration_orchestrator.py:35: error: Cannot find implementation or library stub for module named "src.sensory.enhanced.chaos.antifragile_adaptation"  [import-not-found]
src\sensory\organs\dimensions\integration_orchestrator.py:125: error: Incompatible types in assignment (expression has type "Any | BaseException", variable has type "None")  [assignment]
src\sensory\organs\dimensions\integration_orchestrator.py:126: error: Incompatible types in assignment (expression has type "Any | BaseException", variable has type "None")  [assignment]
src\sensory\organs\dimensions\integration_orchestrator.py:127: error: Incompatible types in assignment (expression has type "Any | BaseException", variable has type "None")  [assignment]
src\sensory\organs\dimensions\integration_orchestrator.py:128: error: Incompatible types in assignment (expression has type "Any | BaseException", variable has type "None")  [assignment]
src\sensory\organs\dimensions\integration_orchestrator.py:129: error: Incompatible types in assignment (expression has type "Any | BaseException", variable has type "None")  [assignment]
src\sensory\organs\dimensions\integration_orchestrator.py:130: error: Incompatible types in assignment (expression has type "Any | BaseException", variable has type "None")  [assignment]
src\sensory\organs\dimensions\integration_orchestrator.py:225: error: Incompatible return value type (got "floating[Any]", expected "float")  [return-value]
src\sensory\organs\dimensions\integration_orchestrator.py:234: error: Need type annotation for "signals" (hint: "signals: list[<type>] = ...")  [var-annotated]
src\sensory\organs\dimensions\integration_orchestrator.py:252: error: No overload variant of "max" matches argument types "float", "floating[Any] | float64"  [call-overload]
src\sensory\organs\dimensions\integration_orchestrator.py:252: note: Possible overload variants:
src\sensory\organs\dimensions\integration_orchestrator.py:252: note:     def [SupportsRichComparisonT: SupportsDunderLT[Any] | SupportsDunderGT[Any]] max(SupportsRichComparisonT, SupportsRichComparisonT, /, *_args: SupportsRichComparisonT, key: None = ...) -> SupportsRichComparisonT
src\sensory\organs\dimensions\integration_orchestrator.py:252: note:     def [_T] max(_T, _T, /, *_args: _T, key: Callable[[_T], SupportsDunderLT[Any] | SupportsDunderGT[Any]]) -> _T
src\sensory\organs\dimensions\integration_orchestrator.py:252: note:     def [SupportsRichComparisonT: SupportsDunderLT[Any] | SupportsDunderGT[Any]] max(Iterable[SupportsRichComparisonT], /, *, key: None = ...) -> SupportsRichComparisonT
src\sensory\organs\dimensions\integration_orchestrator.py:252: note:     def [_T] max(Iterable[_T], /, *, key: Callable[[_T], SupportsDunderLT[Any] | SupportsDunderGT[Any]]) -> _T
src\sensory\organs\dimensions\integration_orchestrator.py:252: note:     def [SupportsRichComparisonT: SupportsDunderLT[Any] | SupportsDunderGT[Any], _T] max(Iterable[SupportsRichComparisonT], /, *, key: None = ..., default: _T) -> SupportsRichComparisonT | _T
src\sensory\organs\dimensions\integration_orchestrator.py:252: note:     def [_T1, _T2] max(Iterable[_T1], /, *, key: Callable[[_T1], SupportsDunderLT[Any] | SupportsDunderGT[Any]], default: _T2) -> _T1 | _T2
src\sensory\organs\dimensions\integration_orchestrator.py:283: error: Incompatible return value type (got "floating[Any]", expected "float")  [return-value]
src\sensory\organs\dimensions\institutional_tracker.py:17: error: Library stubs not installed for "pandas"  [import-untyped]
src\sensory\organs\dimensions\institutional_tracker.py:20: error: Library stubs not installed for "scipy"  [import-untyped]
src\sensory\organs\dimensions\institutional_tracker.py:22: error: Cannot find implementation or library stub for module named "src.sensory.core.base"  [import-not-found]
src\sensory\organs\dimensions\institutional_tracker.py:119: error: Argument 1 to "_determine_institutional_bias" of "InstitutionalFootprintHunter" has incompatible type "object"; expected "list[OrderBlock]"  [arg-type]
src\sensory\organs\dimensions\institutional_tracker.py:119: error: Argument 2 to "_determine_institutional_bias" of "InstitutionalFootprintHunter" has incompatible type "object"; expected "list[FairValueGap]"  [arg-type]
src\sensory\organs\dimensions\institutional_tracker.py:119: error: Argument 3 to "_determine_institutional_bias" of "InstitutionalFootprintHunter" has incompatible type "object"; expected "float"  [arg-type]
src\sensory\organs\dimensions\institutional_tracker.py:124: error: Argument 1 to "_calculate_footprint_confidence" of "InstitutionalFootprintHunter" has incompatible type "object"; expected "list[OrderBlock]"  [arg-type]
src\sensory\organs\dimensions\institutional_tracker.py:124: error: Argument 2 to "_calculate_footprint_confidence" of "InstitutionalFootprintHunter" has incompatible type "object"; expected "list[FairValueGap]"  [arg-type]
src\sensory\organs\dimensions\institutional_tracker.py:124: error: Argument 3 to "_calculate_footprint_confidence" of "InstitutionalFootprintHunter" has incompatible type "object"; expected "list[LiquiditySweep]"  [arg-type]
src\sensory\organs\dimensions\institutional_tracker.py:128: error: Argument 1 to "_identify_key_levels" of "InstitutionalFootprintHunter" has incompatible type "object"; expected "list[OrderBlock]"  [arg-type]
src\sensory\organs\dimensions\institutional_tracker.py:128: error: Argument 2 to "_identify_key_levels" of "InstitutionalFootprintHunter" has incompatible type "object"; expected "list[FairValueGap]"  [arg-type]
src\sensory\organs\dimensions\institutional_tracker.py:131: error: Argument 2 to "_determine_market_structure" of "InstitutionalFootprintHunter" has incompatible type "object"; expected "list[OrderBlock]"  [arg-type]
src\sensory\organs\dimensions\institutional_tracker.py:134: error: Argument "order_blocks" to "InstitutionalFootprint" has incompatible type "object"; expected "list[OrderBlock]"  [arg-type]
src\sensory\organs\dimensions\institutional_tracker.py:135: error: Argument "fair_value_gaps" to "InstitutionalFootprint" has incompatible type "object"; expected "list[FairValueGap]"  [arg-type]
src\sensory\organs\dimensions\institutional_tracker.py:136: error: Argument "liquidity_sweeps" to "InstitutionalFootprint" has incompatible type "object"; expected "list[LiquiditySweep]"  [arg-type]
src\sensory\organs\dimensions\institutional_tracker.py:137: error: Argument "smart_money_flow" to "InstitutionalFootprint" has incompatible type "object"; expected "float"  [arg-type]
src\sensory\organs\dimensions\institutional_tracker.py:301: error: Need type annotation for "order_blocks" (hint: "order_blocks: list[<type>] = ...")  [var-annotated]
src\sensory\organs\dimensions\institutional_tracker.py:364: error: Need type annotation for "fvgs" (hint: "fvgs: list[<type>] = ...")  [var-annotated]
src\sensory\organs\dimensions\institutional_tracker.py:449: error: Need type annotation for "sweeps" (hint: "sweeps: list[<type>] = ...")  [var-annotated]
src\sensory\organs\dimensions\how_organ.py:15: error: Library stubs not installed for "pandas"  [import-untyped]
src\sensory\organs\dimensions\how_organ.py:18: error: Cannot find implementation or library stub for module named "src.sensory.core.base"  [import-not-found]
src\sensory\organs\dimensions\how_organ.py:37: error: Cannot find implementation or library stub for module named "src.sensory.organs.dimensions.indicators"  [import-not-found]
src\sensory\organs\dimensions\how_organ.py:38: error: Cannot find implementation or library stub for module named "src.sensory.organs.dimensions.patterns"  [import-not-found]
src\sensory\organs\dimensions\how_organ.py:39: error: Cannot find implementation or library stub for module named "src.sensory.organs.dimensions.order_flow"  [import-not-found]
src\sensory\organs\dimensions\chaos_dimension.py:12: error: Library stubs not installed for "pandas"  [import-untyped]
src\sensory\organs\dimensions\chaos_dimension.py:39: error: Need type annotation for "adaptation_history" (hint: "adaptation_history: list[<type>] = ...")  [var-annotated]
src\sensory\organs\dimensions\chaos_dimension.py:40: error: Need type annotation for "antifragility_metrics" (hint: "antifragility_metrics: dict[<type>, <type>] = ...")  [var-annotated]
src\sensory\organs\dimensions\chaos_dimension.py:41: error: Need type annotation for "chaos_regimes" (hint: "chaos_regimes: dict[<type>, <type>] = ...")  [var-annotated]
src\sensory\organs\dimensions\chaos_adaptation.py:17: error: Library stubs not installed for "pandas"  [import-untyped]
src\sensory\organs\dimensions\chaos_adaptation.py:150: error: No overload variant of "max" matches argument types "floating[Any]", "float"  [call-overload]
src\sensory\organs\dimensions\chaos_adaptation.py:150: note: Possible overload variants:
src\sensory\organs\dimensions\chaos_adaptation.py:150: note:     def [SupportsRichComparisonT: SupportsDunderLT[Any] | SupportsDunderGT[Any]] max(SupportsRichComparisonT, SupportsRichComparisonT, /, *_args: SupportsRichComparisonT, key: None = ...) -> SupportsRichComparisonT
src\sensory\organs\dimensions\chaos_adaptation.py:150: note:     def [_T] max(_T, _T, /, *_args: _T, key: Callable[[_T], SupportsDunderLT[Any] | SupportsDunderGT[Any]]) -> _T
src\sensory\organs\dimensions\chaos_adaptation.py:150: note:     def [SupportsRichComparisonT: SupportsDunderLT[Any] | SupportsDunderGT[Any]] max(Iterable[SupportsRichComparisonT], /, *, key: None = ...) -> SupportsRichComparisonT
src\sensory\organs\dimensions\chaos_adaptation.py:150: note:     def [_T] max(Iterable[_T], /, *, key: Callable[[_T], SupportsDunderLT[Any] | SupportsDunderGT[Any]]) -> _T
src\sensory\organs\dimensions\chaos_adaptation.py:150: note:     def [SupportsRichComparisonT: SupportsDunderLT[Any] | SupportsDunderGT[Any], _T] max(Iterable[SupportsRichComparisonT], /, *, key: None = ..., default: _T) -> SupportsRichComparisonT | _T
src\sensory\organs\dimensions\chaos_adaptation.py:150: note:     def [_T1, _T2] max(Iterable[_T1], /, *, key: Callable[[_T1], SupportsDunderLT[Any] | SupportsDunderGT[Any]], default: _T2) -> _T1 | _T2
src\sensory\organs\dimensions\chaos_adaptation.py:161: error: No overload variant of "max" matches argument types "floating[Any]", "float"  [call-overload]
src\sensory\organs\dimensions\chaos_adaptation.py:161: note: Possible overload variants:
src\sensory\organs\dimensions\chaos_adaptation.py:161: note:     def [SupportsRichComparisonT: SupportsDunderLT[Any] | SupportsDunderGT[Any]] max(SupportsRichComparisonT, SupportsRichComparisonT, /, *_args: SupportsRichComparisonT, key: None = ...) -> SupportsRichComparisonT
src\sensory\organs\dimensions\chaos_adaptation.py:161: note:     def [_T] max(_T, _T, /, *_args: _T, key: Callable[[_T], SupportsDunderLT[Any] | SupportsDunderGT[Any]]) -> _T
src\sensory\organs\dimensions\chaos_adaptation.py:161: note:     def [SupportsRichComparisonT: SupportsDunderLT[Any] | SupportsDunderGT[Any]] max(Iterable[SupportsRichComparisonT], /, *, key: None = ...) -> SupportsRichComparisonT
src\sensory\organs\dimensions\chaos_adaptation.py:161: note:     def [_T] max(Iterable[_T], /, *, key: Callable[[_T], SupportsDunderLT[Any] | SupportsDunderGT[Any]]) -> _T
src\sensory\organs\dimensions\chaos_adaptation.py:161: note:     def [SupportsRichComparisonT: SupportsDunderLT[Any] | SupportsDunderGT[Any], _T] max(Iterable[SupportsRichComparisonT], /, *, key: None = ..., default: _T) -> SupportsRichComparisonT | _T
src\sensory\organs\dimensions\chaos_adaptation.py:161: note:     def [_T1, _T2] max(Iterable[_T1], /, *, key: Callable[[_T1], SupportsDunderLT[Any] | SupportsDunderGT[Any]], default: _T2) -> _T1 | _T2
src\sensory\organs\dimensions\anomaly_dimension.py:12: error: Library stubs not installed for "pandas"  [import-untyped]
src\sensory\organs\dimensions\anomaly_dimension.py:14: error: Library stubs not installed for "scipy"  [import-untyped]
src\sensory\organs\dimensions\anomaly_dimension.py:41: error: Need type annotation for "detected_anomalies" (hint: "detected_anomalies: list[<type>] = ...")  [var-annotated]
src\sensory\organs\dimensions\anomaly_dimension.py:42: error: Need type annotation for "baseline_stats" (hint: "baseline_stats: dict[<type>, <type>] = ...")  [var-annotated]
src\sensory\organs\dimensions\anomaly_dimension.py:177: error: Name "timedelta" is not defined  [name-defined]
src\sensory\organs\dimensions\anomaly_detection.py:17: error: Library stubs not installed for "pandas"  [import-untyped]
src\sensory\organs\dimensions\anomaly_detection.py:135: error: No overload variant of "max" matches argument types "floating[Any]", "float"  [call-overload]
src\sensory\organs\dimensions\anomaly_detection.py:135: note: Possible overload variants:
src\sensory\organs\dimensions\anomaly_detection.py:135: note:     def [SupportsRichComparisonT: SupportsDunderLT[Any] | SupportsDunderGT[Any]] max(SupportsRichComparisonT, SupportsRichComparisonT, /, *_args: SupportsRichComparisonT, key: None = ...) -> SupportsRichComparisonT
src\sensory\organs\dimensions\anomaly_detection.py:135: note:     def [_T] max(_T, _T, /, *_args: _T, key: Callable[[_T], SupportsDunderLT[Any] | SupportsDunderGT[Any]]) -> _T
src\sensory\organs\dimensions\anomaly_detection.py:135: note:     def [SupportsRichComparisonT: SupportsDunderLT[Any] | SupportsDunderGT[Any]] max(Iterable[SupportsRichComparisonT], /, *, key: None = ...) -> SupportsRichComparisonT
src\sensory\organs\dimensions\anomaly_detection.py:135: note:     def [_T] max(Iterable[_T], /, *, key: Callable[[_T], SupportsDunderLT[Any] | SupportsDunderGT[Any]]) -> _T
src\sensory\organs\dimensions\anomaly_detection.py:135: note:     def [SupportsRichComparisonT: SupportsDunderLT[Any] | SupportsDunderGT[Any], _T] max(Iterable[SupportsRichComparisonT], /, *, key: None = ..., default: _T) -> SupportsRichComparisonT | _T
src\sensory\organs\dimensions\anomaly_detection.py:135: note:     def [_T1, _T2] max(Iterable[_T1], /, *, key: Callable[[_T1], SupportsDunderLT[Any] | SupportsDunderGT[Any]], default: _T2) -> _T1 | _T2
src\sensory\organs\dimensions\anomaly_detection.py:145: error: No overload variant of "max" matches argument types "floating[Any]", "float"  [call-overload]
src\sensory\organs\dimensions\anomaly_detection.py:145: note: Possible overload variants:
src\sensory\organs\dimensions\anomaly_detection.py:145: note:     def [SupportsRichComparisonT: SupportsDunderLT[Any] | SupportsDunderGT[Any]] max(SupportsRichComparisonT, SupportsRichComparisonT, /, *_args: SupportsRichComparisonT, key: None = ...) -> SupportsRichComparisonT
src\sensory\organs\dimensions\anomaly_detection.py:145: note:     def [_T] max(_T, _T, /, *_args: _T, key: Callable[[_T], SupportsDunderLT[Any] | SupportsDunderGT[Any]]) -> _T
src\sensory\organs\dimensions\anomaly_detection.py:145: note:     def [SupportsRichComparisonT: SupportsDunderLT[Any] | SupportsDunderGT[Any]] max(Iterable[SupportsRichComparisonT], /, *, key: None = ...) -> SupportsRichComparisonT
src\sensory\organs\dimensions\anomaly_detection.py:145: note:     def [_T] max(Iterable[_T], /, *, key: Callable[[_T], SupportsDunderLT[Any] | SupportsDunderGT[Any]]) -> _T
src\sensory\organs\dimensions\anomaly_detection.py:145: note:     def [SupportsRichComparisonT: SupportsDunderLT[Any] | SupportsDunderGT[Any], _T] max(Iterable[SupportsRichComparisonT], /, *, key: None = ..., default: _T) -> SupportsRichComparisonT | _T
src\sensory\organs\dimensions\anomaly_detection.py:145: note:     def [_T1, _T2] max(Iterable[_T1], /, *, key: Callable[[_T1], SupportsDunderLT[Any] | SupportsDunderGT[Any]], default: _T2) -> _T1 | _T2
src\sensory\organs\analyzers\anomaly_organ.py:14: error: Library stubs not installed for "pandas"  [import-untyped]
src\sensory\organs\analyzers\anomaly_organ.py:31: error: Need type annotation for "anomalies_detected" (hint: "anomalies_detected: list[<type>] = ...")  [var-annotated]
src\sensory\organs\analyzers\anomaly_organ.py:96: error: Need type annotation for "anomalies" (hint: "anomalies: list[<type>] = ...")  [var-annotated]
src\sensory\organs\analyzers\anomaly_organ.py:118: error: Value of type "Any | int" is not indexable  [index]
src\sensory\organs\analyzers\anomaly_organ.py:120: error: Value of type "Any | int" is not indexable  [index]
src\sensory\organs\analyzers\anomaly_organ.py:133: error: Need type annotation for "anomalies" (hint: "anomalies: list[<type>] = ...")  [var-annotated]
src\sensory\organs\analyzers\anomaly_organ.py:154: error: Item "int" of "Any | int" has no attribute "iloc"  [union-attr]
src\sensory\organs\analyzers\anomaly_organ.py:156: error: Item "int" of "Any | int" has no attribute "iloc"  [union-attr]
src\sensory\organs\analyzers\anomaly_organ.py:169: error: Need type annotation for "anomalies" (hint: "anomalies: list[<type>] = ...")  [var-annotated]
src\sensory\organs\analyzers\anomaly_organ.py:193: error: Item "int" of "Any | int" has no attribute "iloc"  [union-attr]
src\sensory\organs\analyzers\anomaly_organ.py:195: error: Item "int" of "Any | int" has no attribute "iloc"  [union-attr]
src\sensory\organs\analyzers\anomaly_organ.py:208: error: Need type annotation for "anomalies" (hint: "anomalies: list[<type>] = ...")  [var-annotated]
src\sensory\organs\analyzers\anomaly_organ.py:352: error: Need type annotation for "patterns" (hint: "patterns: list[<type>] = ...")  [var-annotated]
src\sensory\organs\analyzers\anomaly_organ.py:381: error: Need type annotation for "patterns" (hint: "patterns: list[<type>] = ...")  [var-annotated]
src\sensory\organs\analyzers\anomaly_organ.py:409: error: Need type annotation for "patterns" (hint: "patterns: list[<type>] = ...")  [var-annotated]
src\sensory\organs\analyzers\anomaly_organ.py:592: error: Need type annotation for "patterns" (hint: "patterns: list[<type>] = ...")  [var-annotated]
src\sensory\organs\analyzers\anomaly_organ.py:628: error: Need type annotation for "patterns" (hint: "patterns: list[<type>] = ...")  [var-annotated]
src\sensory\organs\analyzers\anomaly_organ.py:663: error: Need type annotation for "patterns" (hint: "patterns: list[<type>] = ...")  [var-annotated]
src\ecosystem\evaluation\niche_detector.py:11: error: Library stubs not installed for "pandas"  [import-untyped]
src\ecosystem\evaluation\niche_detector.py:16: error: Skipping analyzing "sklearn.cluster": module is installed, but missing library stubs or py.typed marker  [import-untyped]
src\ecosystem\evaluation\niche_detector.py:17: error: Skipping analyzing "sklearn.preprocessing": module is installed, but missing library stubs or py.typed marker  [import-untyped]
src\ecosystem\coordination\coordination_engine.py:18: error: Module "src.core.interfaces" has no attribute "ICoordinationEngine"  [attr-defined]
src\ecosystem\coordination\coordination_engine.py:18: error: Module "src.core.interfaces" has no attribute "TradeIntent"  [attr-defined]
src\ecosystem\coordination\coordination_engine.py:18: error: Module "src.core.interfaces" has no attribute "MarketContext"  [attr-defined]
src\ecosystem\coordination\coordination_engine.py:223: error: Need type annotation for "directions"  [var-annotated]
src\ecosystem\coordination\coordination_engine.py:284: error: Need type annotation for "species_distribution"  [var-annotated]
src\data_integration\dukascopy_ingestor.py:20: error: Library stubs not installed for "pandas"  [import-untyped]
src\data_integration\dukascopy_ingestor.py:156: error: Function "datetime.datetime.date" is not valid as a type  [valid-type]
src\data_integration\dukascopy_ingestor.py:156: note: Perhaps you need "Callable[...]" or a callback protocol?
src\data_integration\dukascopy_ingestor.py:169: error: datetime.date? has no attribute "year"  [attr-defined]
src\data_integration\dukascopy_ingestor.py:170: error: datetime.date? has no attribute "month"  [attr-defined]
src\data_integration\dukascopy_ingestor.py:171: error: datetime.date? has no attribute "day"  [attr-defined]
src\data_integration\dukascopy_ingestor.py:193: error: Function "datetime.datetime.date" is not valid as a type  [valid-type]
src\data_integration\dukascopy_ingestor.py:193: note: Perhaps you need "Callable[...]" or a callback protocol?
src\data_integration\data_fusion.py:19: error: Library stubs not installed for "pandas"  [import-untyped]
src\data_integration\data_fusion.py:21: error: Cannot find implementation or library stub for module named "src.sensory.core.base"  [import-not-found]
src\data_integration\data_fusion.py:22: error: Cannot find implementation or library stub for module named "src.data_integration.data_validation"  [import-not-found]
src\data_integration\data_fusion.py:123: error: Need type annotation for "aligned_data" (hint: "aligned_data: dict[<type>, <type>] = ...")  [var-annotated]
src\data_integration\data_fusion.py:213: error: Incompatible types in assignment (expression has type "float", variable has type "int")  [assignment]
src\data_integration\data_fusion.py:438: error: Incompatible types in assignment (expression has type "float", variable has type "int")  [assignment]
src\data_integration\data_fusion.py:439: error: Incompatible types in assignment (expression has type "float", variable has type "int")  [assignment]
src\data_integration\data_fusion.py:442: error: Incompatible return value type (got "floating[Any]", expected "float")  [return-value]
src\core\population_manager.py:91: error: Need type annotation for "species_count" (hint: "species_count: dict[<type>, <type>] = ...")  [var-annotated]
src\core\population_manager.py:125: error: "DecisionGenome" has no attribute "id"  [attr-defined]
src\core\population_manager.py:159: error: Unexpected keyword argument "id" for "DecisionGenome"  [call-arg]
D:\Applications\Python\Lib\site-packages\mypy\typeshed\stdlib\builtins.pyi:114: note: "DecisionGenome" defined here
src\core\population_manager.py:159: error: Unexpected keyword argument "parameters" for "DecisionGenome"  [call-arg]
src\core\population_manager.py:159: error: Unexpected keyword argument "fitness" for "DecisionGenome"  [call-arg]
src\core\population_manager.py:159: error: Unexpected keyword argument "generation" for "DecisionGenome"  [call-arg]
src\core\population_manager.py:159: error: Unexpected keyword argument "species_type" for "DecisionGenome"  [call-arg]
src\core\population_manager.py:159: error: Unexpected keyword argument "parent_ids" for "DecisionGenome"  [call-arg]
src\core\population_manager.py:159: error: Unexpected keyword argument "mutation_history" for "DecisionGenome"  [call-arg]
src\core\population_manager.py:159: error: Unexpected keyword argument "performance_metrics" for "DecisionGenome"  [call-arg]
src\core\population_manager.py:248: error: "DecisionGenome" has no attribute "performance_metrics"  [attr-defined]
src\core\population_manager.py:251: error: "DecisionGenome" has no attribute "id"  [attr-defined]
src\core\population_manager.py:271: error: "DecisionGenome" has no attribute "parameters"  [attr-defined]
src\core\population_manager.py:273: error: "DecisionGenome" has no attribute "parameters"  [attr-defined]
src\core\population_manager.py:275: error: "DecisionGenome" has no attribute "parameters"  [attr-defined]
src\core\population_manager.py:277: error: Unexpected keyword argument "id" for "DecisionGenome"  [call-arg]
src\core\population_manager.py:283: error: "DecisionGenome" has no attribute "id"  [attr-defined]
src\core\population_manager.py:277: error: Unexpected keyword argument "parameters" for "DecisionGenome"  [call-arg]
src\core\population_manager.py:277: error: Unexpected keyword argument "fitness" for "DecisionGenome"  [call-arg]
src\core\population_manager.py:277: error: Unexpected keyword argument "generation" for "DecisionGenome"  [call-arg]
src\core\population_manager.py:277: error: Unexpected keyword argument "species_type" for "DecisionGenome"  [call-arg]
src\core\population_manager.py:277: error: Unexpected keyword argument "parent_ids" for "DecisionGenome"  [call-arg]
src\core\population_manager.py:277: error: Unexpected keyword argument "mutation_history" for "DecisionGenome"  [call-arg]
src\core\population_manager.py:277: error: Unexpected keyword argument "performance_metrics" for "DecisionGenome"  [call-arg]
src\core\population_manager.py:292: error: "DecisionGenome" has no attribute "parameters"  [attr-defined]
src\core\population_manager.py:297: error: "DecisionGenome" has no attribute "parameters"  [attr-defined]
src\core\population_manager.py:300: error: "DecisionGenome" has no attribute "parameters"  [attr-defined]
src\core\population_manager.py:303: error: "DecisionGenome" has no attribute "mutation_history"  [attr-defined]
src\core\population_manager.py:307: error: "DecisionGenome" has no attribute "parameters"  [attr-defined]
src\validation\phase2c_validation_suite.py:16: error: Library stubs not installed for "pandas"  [import-untyped]
src\validation\phase2c_validation_suite.py:87: error: "Sequence[str]" has no attribute "append"  [attr-defined]
src\validation\phase2c_validation_suite.py:91: error: "Sequence[str]" has no attribute "append"  [attr-defined]
src\validation\phase2c_validation_suite.py:95: error: "Sequence[str]" has no attribute "append"  [attr-defined]
src\validation\phase2c_validation_suite.py:98: error: Generator has incompatible item type "int"; expected "bool"  [misc]
src\validation\phase2c_validation_suite.py:98: error: Invalid index type "str" for "str"; expected type "SupportsIndex | slice[Any, Any, Any]"  [index]
src\validation\phase2c_validation_suite.py:101: error: Incompatible types in assignment (expression has type "dict[str, float | int | str]", target has type "Sequence[str]")  [assignment]
src\trading\trading_manager.py:14: error: Cannot find implementation or library stub for module named "src.core.events"  [import-not-found]
src\trading\trading_manager.py:63: error: Missing positional arguments "risk_per_trade", "stop_loss_pct" in call to "position_size"  [call-arg]
src\trading\trading_manager.py:63: error: Argument 1 to "position_size" has incompatible type "float"; expected "Decimal"  [arg-type]
src\trading\trading_manager.py:64: error: "None" not callable  [misc]
src\trading\trading_manager.py:94: error: "PortfolioMonitor" has no attribute "get_state"  [attr-defined]
src\trading\trading_manager.py:110: error: "PortfolioMonitor" has no attribute "increment_positions"  [attr-defined]
src\trading\trading_manager.py:143: error: "PortfolioMonitor" has no attribute "get_state"  [attr-defined]
src\trading\portfolio\real_portfolio_monitor.py:13: error: Module "src.trading.models" has no attribute "PortfolioSnapshot"  [attr-defined]
src\trading\portfolio\real_portfolio_monitor.py:107: error: Unexpected keyword argument "status" for "Position"  [call-arg]
src\trading\models\position.py:46: note: "Position" defined here
src\trading\portfolio\real_portfolio_monitor.py:107: error: Unexpected keyword argument "stop_loss" for "Position"  [call-arg]
src\trading\portfolio\real_portfolio_monitor.py:107: error: Unexpected keyword argument "take_profit" for "Position"  [call-arg]
src\trading\portfolio\real_portfolio_monitor.py:107: error: Unexpected keyword argument "entry_time" for "Position"; did you mean "entry_price"?  [call-arg]
src\trading\portfolio\real_portfolio_monitor.py:107: error: Unexpected keyword argument "exit_time" for "Position"  [call-arg]
src\trading\portfolio\real_portfolio_monitor.py:153: error: "Position" has no attribute "status"  [attr-defined]
src\trading\portfolio\real_portfolio_monitor.py:154: error: "Position" has no attribute "stop_loss"  [attr-defined]
src\trading\portfolio\real_portfolio_monitor.py:155: error: "Position" has no attribute "take_profit"  [attr-defined]
src\trading\portfolio\real_portfolio_monitor.py:156: error: "Position" has no attribute "entry_time"; maybe "entry_price"?  [attr-defined]
src\trading\portfolio\real_portfolio_monitor.py:165: error: Invalid index type "str | int" for "dict[str, Position]"; expected type "str"  [index]
src\trading\portfolio\real_portfolio_monitor.py:254: error: "Position" has no attribute "close"  [attr-defined]
src\trading\portfolio\real_portfolio_monitor.py:337: error: Missing positional arguments "daily_returns", "volatility", "sortino_ratio", "var_95", "cvar_95", "avg_win", "avg_loss", "avg_trade_duration", "strategy_performance", "regime_performance", "correlation_matrix", "start_date", "end_date", "last_updated" in call to "PerformanceMetrics"  [call-arg]
src\trading\portfolio\real_portfolio_monitor.py:422: error: Missing positional arguments "daily_returns", "volatility", "sortino_ratio", "var_95", "cvar_95", "avg_win", "avg_loss", "avg_trade_duration", "strategy_performance", "regime_performance", "correlation_matrix", "start_date", "end_date", "last_updated" in call to "PerformanceMetrics"  [call-arg]
src\trading\portfolio\real_portfolio_monitor.py:436: error: Missing positional arguments "daily_returns", "volatility", "sortino_ratio", "var_95", "cvar_95", "avg_win", "avg_loss", "avg_trade_duration", "strategy_performance", "regime_performance", "correlation_matrix", "start_date", "end_date", "last_updated" in call to "PerformanceMetrics"  [call-arg]
src\trading\portfolio\real_portfolio_monitor.py:462: error: Unexpected keyword argument "status" for "Position"  [call-arg]
src\trading\portfolio\real_portfolio_monitor.py:462: error: Unexpected keyword argument "stop_loss" for "Position"  [call-arg]
src\trading\portfolio\real_portfolio_monitor.py:462: error: Unexpected keyword argument "take_profit" for "Position"  [call-arg]
src\trading\portfolio\real_portfolio_monitor.py:462: error: Unexpected keyword argument "entry_time" for "Position"; did you mean "entry_price"?  [call-arg]
src\trading\portfolio\real_portfolio_monitor.py:462: error: Unexpected keyword argument "exit_time" for "Position"  [call-arg]
src\thinking\analysis\market_analyzer.py:13: error: Module "src.core.interfaces" has no attribute "ThinkingPattern"  [attr-defined]
src\thinking\analysis\market_analyzer.py:13: error: Module "src.core.interfaces" has no attribute "SensorySignal"  [attr-defined]
src\thinking\analysis\market_analyzer.py:13: error: Module "src.core.interfaces" has no attribute "AnalysisResult"  [attr-defined]
src\thinking\analysis\market_analyzer.py:16: error: Module "src.core.exceptions" has no attribute "ThinkingException"; maybe "TradingException"?  [attr-defined]
src\thinking\analysis\market_analyzer.py:71: error: "PerformanceAnalyzer" has no attribute "learn"  [attr-defined]
src\thinking\analysis\market_analyzer.py:72: error: "RiskAnalyzer" has no attribute "learn"  [attr-defined]
src\thinking\analysis\market_analyzer.py:126: error: Name "np" is not defined  [name-defined]
src\thinking\analysis\market_analyzer.py:235: error: Name "np" is not defined  [name-defined]
src\sensory\organs\dimensions\utils.py:236: error: Incompatible types in assignment (expression has type "floating[Any] | float", variable has type "float")  [assignment]
src\sensory\organs\dimensions\macro_intelligence.py:11: error: Library stubs not installed for "pandas"  [import-untyped]
src\sensory\organs\dimensions\macro_intelligence.py:14: error: Skipping analyzing "textblob": module is installed, but missing library stubs or py.typed marker  [import-untyped]
src\sensory\organs\dimensions\macro_intelligence.py:15: error: Skipping analyzing "feedparser": module is installed, but missing library stubs or py.typed marker  [import-untyped]
src\sensory\organs\dimensions\macro_intelligence.py:17: error: Cannot find implementation or library stub for module named "src.sensory.core.base"  [import-not-found]
src\sensory\organs\dimensions\macro_intelligence.py:82: error: Incompatible return value type (got "floating[Any]", expected "float")  [return-value]
src\ecosystem\optimization\ecosystem_optimizer.py:16: error: Skipping analyzing "sklearn.metrics": module is installed, but missing library stubs or py.typed marker  [import-untyped]
src\ecosystem\optimization\ecosystem_optimizer.py:17: error: Library stubs not installed for "pandas"  [import-untyped]
src\ecosystem\optimization\ecosystem_optimizer.py:19: error: Module "src.core.interfaces" has no attribute "IEcosystemOptimizer"  [attr-defined]
src\ecosystem\optimization\ecosystem_optimizer.py:19: error: Module "src.core.interfaces" has no attribute "MarketContext"  [attr-defined]
src\ecosystem\optimization\ecosystem_optimizer.py:106: error: Name "defaultdict" is not defined  [name-defined]
src\ecosystem\optimization\ecosystem_optimizer.py:169: error: Name "random" is not defined  [name-defined]
src\ecosystem\optimization\ecosystem_optimizer.py:170: error: Name "random" is not defined  [name-defined]
src\ecosystem\optimization\ecosystem_optimizer.py:175: error: Name "random" is not defined  [name-defined]
src\ecosystem\optimization\ecosystem_optimizer.py:203: error: Name "regime_bonus" is not defined  [name-defined]
src\ecosystem\optimization\ecosystem_optimizer.py:210: error: Unexpected keyword argument "species_type" for "DecisionGenome"  [call-arg]
src\ecosystem\optimization\ecosystem_optimizer.py:269: error: Name "TradeIntent" is not defined  [name-defined]
src\ecosystem\optimization\ecosystem_optimizer.py:406: error: Name "adaptability_score" is not defined  [name-defined]
D:\Applications\Python\Lib\site-packages\mypy\typeshed\stdlib\builtins.pyi:114: note: "DecisionGenome" defined here
src\ecosystem\optimization\ecosystem_optimizer.py:210: error: Unexpected keyword argument "parameters" for "DecisionGenome"  [call-arg]
src\ecosystem\optimization\ecosystem_optimizer.py:210: error: Unexpected keyword argument "indicators" for "DecisionGenome"  [call-arg]
src\ecosystem\optimization\ecosystem_optimizer.py:210: error: Unexpected keyword argument "rules" for "DecisionGenome"  [call-arg]
src\ecosystem\optimization\ecosystem_optimizer.py:210: error: Unexpected keyword argument "risk_profile" for "DecisionGenome"  [call-arg]
src\ecosystem\optimization\ecosystem_optimizer.py:219: error: "DecisionGenome" has no attribute "parameters"  [attr-defined]
src\ecosystem\optimization\ecosystem_optimizer.py:221: error: "DecisionGenome" has no attribute "parameters"  [attr-defined]
src\ecosystem\optimization\ecosystem_optimizer.py:223: error: "DecisionGenome" has no attribute "parameters"  [attr-defined]
src\ecosystem\optimization\ecosystem_optimizer.py:226: error: "DecisionGenome" has no attribute "indicators"  [attr-defined]
src\ecosystem\optimization\ecosystem_optimizer.py:227: error: "DecisionGenome" has no attribute "rules"  [attr-defined]
src\ecosystem\optimization\ecosystem_optimizer.py:230: error: "DecisionGenome" has no attribute "risk_profile"  [attr-defined]
src\ecosystem\optimization\ecosystem_optimizer.py:232: error: "DecisionGenome" has no attribute "risk_profile"  [attr-defined]
src\ecosystem\optimization\ecosystem_optimizer.py:234: error: "DecisionGenome" has no attribute "risk_profile"  [attr-defined]
src\ecosystem\optimization\ecosystem_optimizer.py:242: error: Unexpected keyword argument "species_type" for "DecisionGenome"  [call-arg]
src\ecosystem\optimization\ecosystem_optimizer.py:244: error: "DecisionGenome" has no attribute "parameters"  [attr-defined]
src\ecosystem\optimization\ecosystem_optimizer.py:245: error: "DecisionGenome" has no attribute "indicators"  [attr-defined]
src\ecosystem\optimization\ecosystem_optimizer.py:246: error: "DecisionGenome" has no attribute "rules"  [attr-defined]
src\ecosystem\optimization\ecosystem_optimizer.py:247: error: "DecisionGenome" has no attribute "risk_profile"  [attr-defined]
src\ecosystem\optimization\ecosystem_optimizer.py:242: error: Unexpected keyword argument "parameters" for "DecisionGenome"  [call-arg]
src\ecosystem\optimization\ecosystem_optimizer.py:242: error: Unexpected keyword argument "indicators" for "DecisionGenome"  [call-arg]
src\ecosystem\optimization\ecosystem_optimizer.py:242: error: Unexpected keyword argument "rules" for "DecisionGenome"  [call-arg]
src\ecosystem\optimization\ecosystem_optimizer.py:242: error: Unexpected keyword argument "risk_profile" for "DecisionGenome"  [call-arg]
src\ecosystem\optimization\ecosystem_optimizer.py:251: error: "DecisionGenome" has no attribute "parameters"  [attr-defined]
src\ecosystem\optimization\ecosystem_optimizer.py:254: error: "DecisionGenome" has no attribute "parameters"  [attr-defined]
src\ecosystem\optimization\ecosystem_optimizer.py:256: error: "DecisionGenome" has no attribute "parameters"  [attr-defined]
src\ecosystem\optimization\ecosystem_optimizer.py:358: error: Argument 1 to "get" of "dict" has incompatible type "tuple[str, ...]"; expected "tuple[str, str]"  [arg-type]
src\ecosystem\optimization\ecosystem_optimizer.py:391: error: No overload variant of "min" matches argument types "float", "floating[Any] | float64"  [call-overload]
src\ecosystem\optimization\ecosystem_optimizer.py:391: note: Possible overload variants:
src\ecosystem\optimization\ecosystem_optimizer.py:391: note:     def [SupportsRichComparisonT: SupportsDunderLT[Any] | SupportsDunderGT[Any]] min(SupportsRichComparisonT, SupportsRichComparisonT, /, *_args: SupportsRichComparisonT, key: None = ...) -> SupportsRichComparisonT
src\ecosystem\optimization\ecosystem_optimizer.py:391: note:     def [_T] min(_T, _T, /, *_args: _T, key: Callable[[_T], SupportsDunderLT[Any] | SupportsDunderGT[Any]]) -> _T
src\ecosystem\optimization\ecosystem_optimizer.py:391: note:     def [SupportsRichComparisonT: SupportsDunderLT[Any] | SupportsDunderGT[Any]] min(Iterable[SupportsRichComparisonT], /, *, key: None = ...) -> SupportsRichComparisonT
src\ecosystem\optimization\ecosystem_optimizer.py:391: note:     def [_T] min(Iterable[_T], /, *, key: Callable[[_T], SupportsDunderLT[Any] | SupportsDunderGT[Any]]) -> _T
src\ecosystem\optimization\ecosystem_optimizer.py:391: note:     def [SupportsRichComparisonT: SupportsDunderLT[Any] | SupportsDunderGT[Any], _T] min(Iterable[SupportsRichComparisonT], /, *, key: None = ..., default: _T) -> SupportsRichComparisonT | _T
src\ecosystem\optimization\ecosystem_optimizer.py:391: note:     def [_T1, _T2] min(Iterable[_T1], /, *, key: Callable[[_T1], SupportsDunderLT[Any] | SupportsDunderGT[Any]], default: _T2) -> _T1 | _T2
src\pnl.py:200: error: "Instrument" has no attribute "swap_time"  [attr-defined]
src\pnl.py:213: error: "Instrument" has no attribute "long_swap_rate"  [attr-defined]
src\pnl.py:215: error: "Instrument" has no attribute "short_swap_rate"  [attr-defined]
src\validation\phase2d_simple_integration.py:15: error: Library stubs not installed for "pandas"  [import-untyped]
src\validation\phase2d_simple_integration.py:20: error: Cannot find implementation or library stub for module named "src.sensory.enhanced.anomaly.manipulation_detection"  [import-not-found]
src\validation\phase2d_simple_integration.py:22: error: Cannot find implementation or library stub for module named "src.trading.risk.market_regime_detector"  [import-not-found]
src\validation\phase2d_simple_integration.py:29: error: Module "src.core" has no attribute "InstrumentProvider"  [attr-defined]
src\validation\phase2d_simple_integration.py:30: error: Module "src.risk" has no attribute "RiskManager"; maybe "RealRiskManager"?  [attr-defined]
src\validation\phase2d_simple_integration.py:30: error: Module "src.risk" has no attribute "RiskConfig"; maybe "RealRiskConfig"?  [attr-defined]
src\validation\phase2d_simple_integration.py:273: error: Name "Optional" is not defined  [name-defined]
src\validation\phase2d_simple_integration.py:273: note: Did you forget to import it from "typing"? (Suggestion: "from typing import Optional")
src\validation\phase2d_simple_integration.py:341: error: Missing return statement  [return]
src\validation\phase2d_simple_integration.py:341: error: Name "List" is not defined  [name-defined]
src\validation\phase2d_simple_integration.py:341: note: Did you forget to import it from "typing"? (Suggestion: "from typing import List")
src\validation\phase2d_simple_integration.py:377: error: Incompatible types in assignment (expression has type "bool", target has type "dict[str, float]")  [assignment]
src\thinking\prediction\predictive_market_modeler.py:16: error: Cannot find implementation or library stub for module named "src.core.events"  [import-not-found]
src\thinking\adaptation\tactical_adaptation_engine.py:14: error: Cannot find implementation or library stub for module named "src.core.events"  [import-not-found]
src\thinking\adaptation\tactical_adaptation_engine.py:56: error: Need type annotation for "adaptations" (hint: "adaptations: list[<type>] = ...")  [var-annotated]
src\thinking\adaptation\tactical_adaptation_engine.py:59: error: "FAISSPatternMemory" has no attribute "find_similar_experiences"  [attr-defined]
src\thinking\adaptation\tactical_adaptation_engine.py:123: error: Need type annotation for "regime_distribution" (hint: "regime_distribution: dict[<type>, <type>] = ...")  [var-annotated]
src\sensory\tests\test_integration.py:22: error: Cannot find implementation or library stub for module named "market_intelligence.dimensions.enhanced_anomaly_dimension"  [import-not-found]
src\sensory\tests\test_integration.py:24: error: Cannot find implementation or library stub for module named "market_intelligence.dimensions.enhanced_how_dimension"  [import-not-found]
src\sensory\tests\test_integration.py:26: error: Cannot find implementation or library stub for module named "market_intelligence.dimensions.enhanced_what_dimension"  [import-not-found]
src\sensory\tests\test_integration.py:28: error: Cannot find implementation or library stub for module named "market_intelligence.dimensions.enhanced_when_dimension"  [import-not-found]
src\sensory\tests\test_integration.py:30: error: Cannot find implementation or library stub for module named "market_intelligence.dimensions.enhanced_why_dimension"  [import-not-found]
src\sensory\tests\test_integration.py:32: error: Cannot find implementation or library stub for module named "orchestration.enhanced_intelligence_engine"  [import-not-found]
src\sensory\tests\test_integration.py:34: error: Cannot find implementation or library stub for module named "core.base"  [import-not-found]
src\sensory\tests\test_integration.py:511: error: Library stubs not installed for "psutil"  [import-untyped]
src\integration\component_integrator.py:14: error: Module "src.core.interfaces" has no attribute "IComponentIntegrator"  [attr-defined]
src\integration\component_integrator.py:26: note: By default the bodies of untyped functions are not checked, consider using --check-untyped-defs  [annotation-unchecked]
src\integration\component_integrator.py:27: note: By default the bodies of untyped functions are not checked, consider using --check-untyped-defs  [annotation-unchecked]
src\integration\component_integrator.py:78: error: Cannot instantiate abstract class "SensoryOrgan" with abstract attribute "process"  [abstract]
src\integration\component_integrator.py:78: error: Missing positional argument "config" in call to "SensoryOrgan"  [call-arg]
src\integration\component_integrator.py:79: error: Cannot instantiate abstract class "SensoryOrgan" with abstract attribute "process"  [abstract]
src\integration\component_integrator.py:79: error: Missing positional argument "config" in call to "SensoryOrgan"  [call-arg]
src\integration\component_integrator.py:80: error: Cannot instantiate abstract class "SensoryOrgan" with abstract attribute "process"  [abstract]
src\integration\component_integrator.py:80: error: Missing positional argument "config" in call to "SensoryOrgan"  [call-arg]
src\integration\component_integrator.py:81: error: Cannot instantiate abstract class "SensoryOrgan" with abstract attribute "process"  [abstract]
src\integration\component_integrator.py:81: error: Missing positional argument "config" in call to "SensoryOrgan"  [call-arg]
src\integration\component_integrator.py:163: error: Cannot instantiate abstract class "SensoryOrgan" with abstract attribute "process"  [abstract]
src\integration\component_integrator.py:163: error: Missing positional argument "config" in call to "SensoryOrgan"  [call-arg]
src\integration\component_integrator.py:188: error: Need type annotation for "health_report"  [var-annotated]
src\integration\component_integrator.py:199: error: Unsupported target for indexed assignment ("dict[Any, Any] | str")  [index]
src\integration\component_integrator.py:204: error: Unsupported target for indexed assignment ("dict[Any, Any] | str")  [index]
src\integration\component_integrator.py:209: error: Unsupported target for indexed assignment ("dict[Any, Any] | str")  [index]
src\integration\component_integrator.py:246: error: Name "_" is not defined  [name-defined]
src\thinking\ecosystem\specialized_predator_evolution.py:22: error: Module "src.ecosystem.species.species_manager" has no attribute "SpeciesManager"  [attr-defined]
src\domain\__init__.py:18: error: Module "src.core" has no attribute "RiskConfig"  [attr-defined]
src\validation\phase2d_integration_validator.py:18: error: Library stubs not installed for "pandas"  [import-untyped]
src\validation\phase2d_integration_validator.py:23: error: Cannot find implementation or library stub for module named "src.sensory.enhanced.anomaly.manipulation_detection"  [import-not-found]
src\validation\phase2d_integration_validator.py:25: error: Cannot find implementation or library stub for module named "src.trading.risk.market_regime_detector"  [import-not-found]
src\validation\phase2d_integration_validator.py:28: error: Cannot find implementation or library stub for module named "src.data_integration.real_data_integration"  [import-not-found]
src\validation\phase2d_integration_validator.py:33: error: Module "src.core" has no attribute "InstrumentProvider"  [attr-defined]
src\validation\phase2d_integration_validator.py:34: error: Module "src.risk" has no attribute "RiskManager"; maybe "RealRiskManager"?  [attr-defined]
src\validation\phase2d_integration_validator.py:34: error: Module "src.risk" has no attribute "RiskConfig"; maybe "RealRiskConfig"?  [attr-defined]
src\validation\phase2d_integration_validator.py:95: error: "DecisionGenome" has no attribute "initialize_random"  [attr-defined]
src\validation\phase2d_integration_validator.py:118: error: Missing positional argument "last_swap_time" in call to "EnhancedPosition"  [call-arg]
src\integration\component_integrator_impl.py:17: error: Module "src.core.interfaces" has no attribute "IStrategy"  [attr-defined]
src\integration\component_integrator_impl.py:17: error: Module "src.core.interfaces" has no attribute "IMarketAnalyzer"  [attr-defined]
src\integration\component_integrator_impl.py:17: error: Module "src.core.interfaces" has no attribute "IRiskManager"  [attr-defined]
src\integration\component_integrator_impl.py:20: error: Module "src.core.exceptions" has no attribute "IntegrationException"; maybe "ConfigurationException", "GeneticOperationException", or "DataIngestionException"?  [attr-defined]
src\integration\component_integrator_impl.py:31: note: By default the bodies of untyped functions are not checked, consider using --check-untyped-defs  [annotation-unchecked]
src\integration\component_integrator_impl.py:32: note: By default the bodies of untyped functions are not checked, consider using --check-untyped-defs  [annotation-unchecked]
src\integration\component_integrator_impl.py:76: error: Cannot find implementation or library stub for module named "src.trading.execution.execution_engine"  [import-not-found]
src\integration\component_integrator_impl.py:111: error: Cannot find implementation or library stub for module named "src.governance.audit_trail"  [import-not-found]
src\integration\component_integrator_impl.py:149: error: Signature of "get_component_status" incompatible with supertype "src.integration.component_integrator.ComponentIntegrator"  [override]
src\integration\component_integrator_impl.py:149: note:      Superclass:
src\integration\component_integrator_impl.py:149: note:          def get_component_status(self, component_name: str) -> Coroutine[Any, Any, str | None]
src\integration\component_integrator_impl.py:149: note:      Subclass:
src\integration\component_integrator_impl.py:149: note:          def get_component_status(self) -> dict[str, str]
src\phase2d_integration_validator.py:18: error: Library stubs not installed for "pandas"  [import-untyped]
src\phase2d_integration_validator.py:23: error: Cannot find implementation or library stub for module named "src.sensory.enhanced.anomaly.manipulation_detection"  [import-not-found]
src\phase2d_integration_validator.py:25: error: Cannot find implementation or library stub for module named "src.trading.risk.market_regime_detector"  [import-not-found]
src\phase2d_integration_validator.py:28: error: Cannot find implementation or library stub for module named "src.data_integration.real_data_integration"  [import-not-found]
src\phase2d_integration_validator.py:33: error: Module "src.core" has no attribute "InstrumentProvider"  [attr-defined]
src\phase2d_integration_validator.py:34: error: Module "src.risk" has no attribute "RiskManager"; maybe "RealRiskManager"?  [attr-defined]
src\phase2d_integration_validator.py:34: error: Module "src.risk" has no attribute "RiskConfig"; maybe "RealRiskConfig"?  [attr-defined]
src\phase2d_integration_validator.py:100: error: "DecisionGenome" has no attribute "initialize_random"  [attr-defined]
src\phase2d_integration_validator.py:103: error: "Phase2DIntegrationValidatorLegacy" has no attribute "_evaluate_genome_with_real_data"  [attr-defined]
src\phase2d_integration_validator.py:123: error: Missing positional argument "last_swap_time" in call to "EnhancedPosition"  [call-arg]
src\thinking\adversarial\market_gan.py:18: error: Cannot find implementation or library stub for module named "src.core.events"  [import-not-found]
src\thinking\adversarial\market_gan.py:181: error: Argument 1 to "test_strategies" of "StrategyTester" has incompatible type "list[str]"; expected "list[dict[str, Any]]"  [arg-type]
src\intelligence\sentient_adaptation.py:23: error: Skipping analyzing "sklearn.preprocessing": module is installed, but missing library stubs or py.typed marker  [import-untyped]
src\intelligence\sentient_adaptation.py:24: error: Skipping analyzing "faiss": module is installed, but missing library stubs or py.typed marker  [import-untyped]
src\intelligence\sentient_adaptation.py:27: error: Cannot find implementation or library stub for module named "src.evolution.episodic_memory_system"  [import-not-found]
src\intelligence\sentient_adaptation.py:145: error: Missing positional argument "config" in call to "RealTimeLearningEngine"  [call-arg]
src\intelligence\sentient_adaptation.py:146: error: Missing positional argument "config" in call to "FAISSPatternMemory"  [call-arg]
src\intelligence\sentient_adaptation.py:148: error: Missing positional argument "config" in call to "AdaptationController"  [call-arg]
src\intelligence\sentient_adaptation.py:152: error: Need type annotation for "recent_performance" (hint: "recent_performance: list[<type>] = ...")  [var-annotated]
src\intelligence\sentient_adaptation.py:162: error: "RealTimeLearningEngine" has no attribute "process_outcome"  [attr-defined]
src\intelligence\sentient_adaptation.py:167: error: "FAISSPatternMemory" has no attribute "store_pattern"  [attr-defined]
src\intelligence\sentient_adaptation.py:182: error: Unexpected keyword argument "current_strategy_state" for "generate_adaptations" of "AdaptationController"  [call-arg]
src\sentient\adaptation\adaptation_controller.py:56: note: "generate_adaptations" of "AdaptationController" defined here
src\intelligence\sentient_adaptation.py:186: error: Argument 1 to "apply_adaptations" of "SentientAdaptationEngine" has incompatible type "list[TacticalAdaptation]"; expected "dict[str, Any]"  [arg-type]
src\intelligence\sentient_adaptation.py:189: error: Incompatible types in assignment (expression has type "datetime", variable has type "None")  [assignment]
src\intelligence\sentient_adaptation.py:208: error: "AdaptationController" has no attribute "risk_parameters"  [attr-defined]
src\intelligence\red_team_ai.py:17: error: Library stubs not installed for "pandas"  [import-untyped]
src\intelligence\red_team_ai.py:22: error: Skipping analyzing "sklearn.ensemble": module is installed, but missing library stubs or py.typed marker  [import-untyped]
src\intelligence\red_team_ai.py:23: error: Skipping analyzing "sklearn.cluster": module is installed, but missing library stubs or py.typed marker  [import-untyped]
src\intelligence\red_team_ai.py:211: error: Incompatible return value type (got "floating[Any]", expected "float")  [return-value]
src\intelligence\red_team_ai.py:332: error: Incompatible types in assignment (expression has type "float", variable has type "int")  [assignment]
src\intelligence\red_team_ai.py:337: error: Incompatible types in assignment (expression has type "float", variable has type "int")  [assignment]
src\intelligence\red_team_ai.py:342: error: Incompatible types in assignment (expression has type "float", variable has type "int")  [assignment]
src\intelligence\red_team_ai.py:347: error: Incompatible types in assignment (expression has type "float", variable has type "int")  [assignment]
src\intelligence\predictive_modeling.py:17: error: Library stubs not installed for "pandas"  [import-untyped]
src\intelligence\predictive_modeling.py:22: error: Library stubs not installed for "scipy"  [import-untyped]
src\intelligence\predictive_modeling.py:23: error: Skipping analyzing "sklearn.ensemble": module is installed, but missing library stubs or py.typed marker  [import-untyped]
src\intelligence\predictive_modeling.py:24: error: Skipping analyzing "sklearn.preprocessing": module is installed, but missing library stubs or py.typed marker  [import-untyped]
src\intelligence\portfolio_evolution.py:17: error: Library stubs not installed for "pandas"  [import-untyped]
src\intelligence\portfolio_evolution.py:22: error: Skipping analyzing "sklearn.covariance": module is installed, but missing library stubs or py.typed marker  [import-untyped]
src\intelligence\portfolio_evolution.py:23: error: Skipping analyzing "sklearn.cluster": module is installed, but missing library stubs or py.typed marker  [import-untyped]
src\intelligence\portfolio_evolution.py:144: error: Need type annotation for "cluster_counts" (hint: "cluster_counts: dict[<type>, <type>] = ...")  [var-annotated]
src\intelligence\portfolio_evolution.py:332: error: Incompatible types in assignment (expression has type "float", variable has type "int")  [assignment]
src\intelligence\portfolio_evolution.py:337: error: Incompatible types in assignment (expression has type "float", variable has type "int")  [assignment]
src\intelligence\portfolio_evolution.py:342: error: Incompatible types in assignment (expression has type "float", variable has type "int")  [assignment]
src\intelligence\portfolio_evolution.py:417: error: "DiversificationMaximizer" has no attribute "_optimize_for_diversification"; maybe "maximize_diversification"?  [attr-defined]
src\intelligence\portfolio_evolution.py:422: error: "DiversificationMaximizer" has no attribute "_validate_diversification"; maybe "maximize_diversification" or "_calculate_diversification_ratio"?  [attr-defined]
src\intelligence\portfolio_evolution.py:440: error: "DiversificationMaximizer" has no attribute "_calculate_portfolio_variance"  [attr-defined]
src\intelligence\competitive_intelligence.py:17: error: Library stubs not installed for "pandas"  [import-untyped]
src\intelligence\competitive_intelligence.py:22: error: Skipping analyzing "sklearn.cluster": module is installed, but missing library stubs or py.typed marker  [import-untyped]
src\intelligence\competitive_intelligence.py:23: error: Skipping analyzing "sklearn.preprocessing": module is installed, but missing library stubs or py.typed marker  [import-untyped]
src\intelligence\competitive_intelligence.py:205: error: Incompatible types in assignment (expression has type "float", variable has type "int")  [assignment]
src\intelligence\competitive_intelligence.py:231: error: Incompatible types in assignment (expression has type "float", variable has type "int")  [assignment]
src\intelligence\competitive_intelligence.py:235: error: Incompatible types in assignment (expression has type "float", variable has type "int")  [assignment]
src\intelligence\competitive_intelligence.py:480: error: Incompatible types in assignment (expression has type "float", variable has type "int")  [assignment]
src\intelligence\adversarial_training.py:17: error: Library stubs not installed for "pandas"  [import-untyped]
src\intelligence\adversarial_training.py:24: error: Skipping analyzing "sklearn.preprocessing": module is installed, but missing library stubs or py.typed marker  [import-untyped]
src\intelligence\adversarial_training.py:25: error: Library stubs not installed for "scipy"  [import-untyped]
src\intelligence\adversarial_training.py:25: note: Hint: "python3 -m pip install scipy-stubs"
src\thinking\phase3_orchestrator.py:47: error: Too many arguments for "SentientAdaptationEngine"  [call-arg]
src\thinking\phase3_orchestrator.py:51: error: Too many arguments for "SpecializedPredatorEvolution"  [call-arg]
src\thinking\phase3_orchestrator.py:68: error: Need type annotation for "performance_metrics" (hint: "performance_metrics: dict[<type>, <type>] = ...")  [var-annotated]
src\thinking\phase3_orchestrator.py:79: error: "SentientAdaptationEngine" has no attribute "initialize"  [attr-defined]
src\thinking\phase3_orchestrator.py:84: error: "PredictiveMarketModeler" has no attribute "initialize"  [attr-defined]
src\thinking\phase3_orchestrator.py:89: error: "MarketGAN" has no attribute "initialize"  [attr-defined]
src\thinking\phase3_orchestrator.py:90: error: "RedTeamAI" has no attribute "initialize"  [attr-defined]
src\thinking\phase3_orchestrator.py:95: error: "SpecializedPredatorEvolution" has no attribute "initialize"  [attr-defined]
src\thinking\phase3_orchestrator.py:100: error: "CompetitiveIntelligenceSystem" has no attribute "initialize"  [attr-defined]
src\thinking\phase3_orchestrator.py:126: error: "Phase3Orchestrator" has no attribute "_run_continuous_analysis"; maybe "_run_sentient_analysis"?  [attr-defined]
src\thinking\phase3_orchestrator.py:127: error: "Phase3Orchestrator" has no attribute "_run_performance_monitoring"  [attr-defined]
src\thinking\phase3_orchestrator.py:148: error: "SentientAdaptationEngine" has no attribute "stop"  [attr-defined]
src\thinking\phase3_orchestrator.py:149: error: "PredictiveMarketModeler" has no attribute "stop"  [attr-defined]
src\thinking\phase3_orchestrator.py:150: error: "MarketGAN" has no attribute "stop"  [attr-defined]
src\thinking\phase3_orchestrator.py:151: error: "RedTeamAI" has no attribute "stop"  [attr-defined]
src\thinking\phase3_orchestrator.py:152: error: "SpecializedPredatorEvolution" has no attribute "stop"  [attr-defined]
src\thinking\phase3_orchestrator.py:153: error: "CompetitiveIntelligenceSystem" has no attribute "stop"  [attr-defined]
src\thinking\phase3_orchestrator.py:176: error: Unsupported target for indexed assignment ("Collection[str]")  [index]
src\thinking\phase3_orchestrator.py:180: error: Unsupported target for indexed assignment ("Collection[str]")  [index]
src\thinking\phase3_orchestrator.py:184: error: Unsupported target for indexed assignment ("Collection[str]")  [index]
src\thinking\phase3_orchestrator.py:188: error: Unsupported target for indexed assignment ("Collection[str]")  [index]
src\thinking\phase3_orchestrator.py:188: error: "Phase3Orchestrator" has no attribute "_run_specialized_analysis"; maybe "_run_sentient_analysis"?  [attr-defined]
src\thinking\phase3_orchestrator.py:192: error: Unsupported target for indexed assignment ("Collection[str]")  [index]
src\thinking\phase3_orchestrator.py:192: error: "Phase3Orchestrator" has no attribute "_run_competitive_analysis"; maybe "_run_predictive_analysis" or "_run_sentient_analysis"?  [attr-defined]
src\thinking\phase3_orchestrator.py:195: error: "Phase3Orchestrator" has no attribute "_calculate_overall_metrics"  [attr-defined]
src\thinking\phase3_orchestrator.py:198: error: "Phase3Orchestrator" has no attribute "_store_analysis_results"  [attr-defined]
src\thinking\phase3_orchestrator.py:200: error: Incompatible types in assignment (expression has type "datetime", variable has type "None")  [assignment]
src\thinking\phase3_orchestrator.py:213: error: "Phase3Orchestrator" has no attribute "_get_current_market_state"  [attr-defined]
src\thinking\phase3_orchestrator.py:223: error: "AdaptationSignal" has no attribute "get"  [attr-defined]
src\thinking\phase3_orchestrator.py:224: error: "AdaptationSignal" has no attribute "get"  [attr-defined]
src\thinking\phase3_orchestrator.py:225: error: "AdaptationSignal" has no attribute "get"  [attr-defined]
src\thinking\phase3_orchestrator.py:226: error: "AdaptationSignal" has no attribute "get"  [attr-defined]
src\thinking\phase3_orchestrator.py:237: error: "Phase3Orchestrator" has no attribute "_get_current_market_state"  [attr-defined]
src\thinking\phase3_orchestrator.py:247: error: Name "np" is not defined  [name-defined]
src\thinking\phase3_orchestrator.py:260: error: "Phase3Orchestrator" has no attribute "_get_strategy_population"  [attr-defined]
src\thinking\phase3_orchestrator.py:274: error: "list[str]" has no attribute "get"  [attr-defined]
src\thinking\phase3_orchestrator.py:275: error: "list[str]" has no attribute "get"  [attr-defined]
src\thinking\phase3_orchestrator.py:277: error: List comprehension has incompatible type List[int]; expected List[bool]  [misc]
src\thinking\phase3_orchestrator.py:277: error: "dict[str, Any]" has no attribute "weaknesses"  [attr-defined]
src\thinking\phase3_orchestrator.py:278: error: Name "np" is not defined  [name-defined]
src\thinking\phase3_orchestrator.py:278: error: "dict[str, Any]" has no attribute "survival_probability"  [attr-defined]
src\thinking\phase3_orchestrator.py:283: error: Return value expected  [return-value]
src\intelligence\__init__.py:29: error: Module "src.intelligence.portfolio_evolution" has no attribute "PortfolioEvolutionEngine"  [attr-defined]
src\intelligence\__init__.py:94: error: "object" has no attribute "append"  [attr-defined]
src\thinking\prediction\predictive_modeler.py:13: error: Library stubs not installed for "pandas"  [import-untyped]
Found 718 errors in 113 files (checked 247 source files)
